{"C:\\Users\\Eduardo\\Desktop\\AlphaED\\Testes\\ex2\\discountopia\\__tests__\\helpers\\index.js": {"path":"C:\\Users\\Eduardo\\Desktop\\AlphaED\\Testes\\ex2\\discountopia\\__tests__\\helpers\\index.js","statementMap":{"0":{"start":{"line":1,"column":11},"end":{"line":1,"column":24}},"1":{"start":{"line":2,"column":12},"end":{"line":2,"column":35}},"2":{"start":{"line":4,"column":17},"end":{"line":4,"column":43}},"3":{"start":{"line":10,"column":2},"end":{"line":12,"column":4}},"4":{"start":{"line":16,"column":2},"end":{"line":18,"column":4}},"5":{"start":{"line":25,"column":2},"end":{"line":25,"column":13}},"6":{"start":{"line":34,"column":16},"end":{"line":34,"column":71}},"7":{"start":{"line":36,"column":2},"end":{"line":36,"column":27}},"8":{"start":{"line":39,"column":0},"end":{"line":44,"column":2}}},"fnMap":{"0":{"name":"createDatabaseFromSchema","decl":{"start":{"line":9,"column":15},"end":{"line":9,"column":39}},"loc":{"start":{"line":9,"column":42},"end":{"line":13,"column":1}},"line":9},"1":{"name":"eraseDatabase","decl":{"start":{"line":15,"column":15},"end":{"line":15,"column":28}},"loc":{"start":{"line":15,"column":31},"end":{"line":19,"column":1}},"line":15},"2":{"name":"disconnectDatabase","decl":{"start":{"line":24,"column":15},"end":{"line":24,"column":33}},"loc":{"start":{"line":24,"column":36},"end":{"line":26,"column":1}},"line":24},"3":{"name":"generateAuthorizationHeaderForUser","decl":{"start":{"line":32,"column":9},"end":{"line":32,"column":43}},"loc":{"start":{"line":32,"column":53},"end":{"line":37,"column":1}},"line":32}},"branchMap":{"0":{"loc":{"start":{"line":34,"column":42},"end":{"line":34,"column":70}},"type":"binary-expr","locations":[{"start":{"line":34,"column":42},"end":{"line":34,"column":64}},{"start":{"line":34,"column":68},"end":{"line":34,"column":70}}],"line":34}},"s":{"0":1,"1":1,"2":1,"3":14,"4":15,"5":1,"6":11,"7":11,"8":1},"f":{"0":14,"1":15,"2":1,"3":11},"b":{"0":[11,0]},"_coverageSchema":"1a1c01bbd47fc00a2c39e90264f33305004495a9","hash":"8e49e71ec86338c8ec82be4778d1a851199fd643"}
,"C:\\Users\\Eduardo\\Desktop\\AlphaED\\Testes\\ex2\\discountopia\\src\\app.js": {"path":"C:\\Users\\Eduardo\\Desktop\\AlphaED\\Testes\\ex2\\discountopia\\src\\app.js","statementMap":{"0":{"start":{"line":1,"column":16},"end":{"line":1,"column":34}},"1":{"start":{"line":3,"column":0},"end":{"line":3,"column":32}},"2":{"start":{"line":5,"column":13},"end":{"line":5,"column":28}},"3":{"start":{"line":6,"column":28},"end":{"line":6,"column":65}},"4":{"start":{"line":8,"column":12},"end":{"line":8,"column":21}},"5":{"start":{"line":11,"column":0},"end":{"line":11,"column":16}},"6":{"start":{"line":12,"column":0},"end":{"line":12,"column":24}},"7":{"start":{"line":15,"column":0},"end":{"line":15,"column":48}},"8":{"start":{"line":18,"column":0},"end":{"line":18,"column":25}},"9":{"start":{"line":20,"column":0},"end":{"line":22,"column":2}}},"fnMap":{},"branchMap":{},"s":{"0":1,"1":1,"2":1,"3":1,"4":1,"5":1,"6":1,"7":1,"8":1,"9":1},"f":{},"b":{},"_coverageSchema":"1a1c01bbd47fc00a2c39e90264f33305004495a9","hash":"2186dab6867eee08245d97b12b34ae83e7074b14"}
,"C:\\Users\\Eduardo\\Desktop\\AlphaED\\Testes\\ex2\\discountopia\\src\\errors.js": {"path":"C:\\Users\\Eduardo\\Desktop\\AlphaED\\Testes\\ex2\\discountopia\\src\\errors.js","statementMap":{"0":{"start":{"line":10,"column":34},"end":{"line":16,"column":1}},"1":{"start":{"line":28,"column":2},"end":{"line":28,"column":27}},"2":{"start":{"line":31,"column":0},"end":{"line":34,"column":2}}},"fnMap":{"0":{"name":"createError","decl":{"start":{"line":27,"column":9},"end":{"line":27,"column":20}},"loc":{"start":{"line":27,"column":36},"end":{"line":29,"column":1}},"line":27}},"branchMap":{},"s":{"0":1,"1":16,"2":1},"f":{"0":16},"b":{},"_coverageSchema":"1a1c01bbd47fc00a2c39e90264f33305004495a9","hash":"548ab5b2b656d43d6d89c59db23fa6c84d744cfb"}
,"C:\\Users\\Eduardo\\Desktop\\AlphaED\\Testes\\ex2\\discountopia\\src\\validators.js": {"path":"C:\\Users\\Eduardo\\Desktop\\AlphaED\\Testes\\ex2\\discountopia\\src\\validators.js","statementMap":{"0":{"start":{"line":1,"column":24},"end":{"line":1,"column":43}},"1":{"start":{"line":9,"column":2},"end":{"line":9,"column":38}},"2":{"start":{"line":10,"column":2},"end":{"line":10,"column":39}},"3":{"start":{"line":20,"column":2},"end":{"line":20,"column":31}},"4":{"start":{"line":21,"column":2},"end":{"line":23,"column":3}},"5":{"start":{"line":22,"column":4},"end":{"line":22,"column":78}},"6":{"start":{"line":32,"column":2},"end":{"line":32,"column":31}},"7":{"start":{"line":33,"column":2},"end":{"line":35,"column":3}},"8":{"start":{"line":34,"column":4},"end":{"line":34,"column":74}},"9":{"start":{"line":44,"column":2},"end":{"line":46,"column":3}},"10":{"start":{"line":45,"column":4},"end":{"line":45,"column":72}},"11":{"start":{"line":55,"column":2},"end":{"line":57,"column":3}},"12":{"start":{"line":56,"column":4},"end":{"line":56,"column":72}},"13":{"start":{"line":60,"column":0},"end":{"line":66,"column":2}}},"fnMap":{"0":{"name":"validatePositiveIntegerNumber","decl":{"start":{"line":8,"column":9},"end":{"line":8,"column":38}},"loc":{"start":{"line":8,"column":53},"end":{"line":11,"column":1}},"line":8},"1":{"name":"validatePositiveNumber","decl":{"start":{"line":19,"column":9},"end":{"line":19,"column":31}},"loc":{"start":{"line":19,"column":46},"end":{"line":24,"column":1}},"line":19},"2":{"name":"validateIntegerNumber","decl":{"start":{"line":31,"column":9},"end":{"line":31,"column":30}},"loc":{"start":{"line":31,"column":45},"end":{"line":36,"column":1}},"line":31},"3":{"name":"validateNumber","decl":{"start":{"line":43,"column":9},"end":{"line":43,"column":23}},"loc":{"start":{"line":43,"column":38},"end":{"line":47,"column":1}},"line":43},"4":{"name":"validateString","decl":{"start":{"line":54,"column":9},"end":{"line":54,"column":23}},"loc":{"start":{"line":54,"column":38},"end":{"line":58,"column":1}},"line":54}},"branchMap":{"0":{"loc":{"start":{"line":21,"column":2},"end":{"line":23,"column":3}},"type":"if","locations":[{"start":{"line":21,"column":2},"end":{"line":23,"column":3}},{"start":{},"end":{}}],"line":21},"1":{"loc":{"start":{"line":33,"column":2},"end":{"line":35,"column":3}},"type":"if","locations":[{"start":{"line":33,"column":2},"end":{"line":35,"column":3}},{"start":{},"end":{}}],"line":33},"2":{"loc":{"start":{"line":44,"column":2},"end":{"line":46,"column":3}},"type":"if","locations":[{"start":{"line":44,"column":2},"end":{"line":46,"column":3}},{"start":{},"end":{}}],"line":44},"3":{"loc":{"start":{"line":55,"column":2},"end":{"line":57,"column":3}},"type":"if","locations":[{"start":{"line":55,"column":2},"end":{"line":57,"column":3}},{"start":{},"end":{}}],"line":55}},"s":{"0":1,"1":28,"2":24,"3":24,"4":24,"5":3,"6":28,"7":28,"8":4,"9":52,"10":0,"11":0,"12":0,"13":1},"f":{"0":28,"1":24,"2":28,"3":52,"4":0},"b":{"0":[3,21],"1":[4,24],"2":[0,52],"3":[0,0]},"_coverageSchema":"1a1c01bbd47fc00a2c39e90264f33305004495a9","hash":"c47b8e85e3ef3bcbd24b00cd8a98546bd37bed8f"}
,"C:\\Users\\Eduardo\\Desktop\\AlphaED\\Testes\\ex2\\discountopia\\src\\controllers\\orders.js": {"path":"C:\\Users\\Eduardo\\Desktop\\AlphaED\\Testes\\ex2\\discountopia\\src\\controllers\\orders.js","statementMap":{"0":{"start":{"line":1,"column":19},"end":{"line":1,"column":43}},"1":{"start":{"line":2,"column":22},"end":{"line":2,"column":51}},"2":{"start":{"line":10,"column":19},"end":{"line":10,"column":46}},"3":{"start":{"line":11,"column":18},"end":{"line":11,"column":29}},"4":{"start":{"line":13,"column":2},"end":{"line":13,"column":65}},"5":{"start":{"line":15,"column":21},"end":{"line":18,"column":3}},"6":{"start":{"line":20,"column":2},"end":{"line":23,"column":5}},"7":{"start":{"line":32,"column":19},"end":{"line":32,"column":46}},"8":{"start":{"line":33,"column":21},"end":{"line":33,"column":50}},"9":{"start":{"line":34,"column":23},"end":{"line":34,"column":31}},"10":{"start":{"line":35,"column":18},"end":{"line":35,"column":29}},"11":{"start":{"line":37,"column":2},"end":{"line":37,"column":65}},"12":{"start":{"line":38,"column":2},"end":{"line":38,"column":69}},"13":{"start":{"line":39,"column":2},"end":{"line":39,"column":65}},"14":{"start":{"line":41,"column":2},"end":{"line":41,"column":79}},"15":{"start":{"line":43,"column":2},"end":{"line":46,"column":5}},"16":{"start":{"line":55,"column":19},"end":{"line":55,"column":46}},"17":{"start":{"line":56,"column":18},"end":{"line":56,"column":29}},"18":{"start":{"line":58,"column":2},"end":{"line":58,"column":65}},"19":{"start":{"line":60,"column":24},"end":{"line":63,"column":3}},"20":{"start":{"line":65,"column":2},"end":{"line":68,"column":5}},"21":{"start":{"line":78,"column":2},"end":{"line":78,"column":73}},"22":{"start":{"line":82,"column":0},"end":{"line":87,"column":2}}},"fnMap":{"0":{"name":"getOrderItemsByOrderId","decl":{"start":{"line":9,"column":15},"end":{"line":9,"column":37}},"loc":{"start":{"line":9,"column":48},"end":{"line":24,"column":1}},"line":9},"1":{"name":"updateOrderItem","decl":{"start":{"line":31,"column":15},"end":{"line":31,"column":30}},"loc":{"start":{"line":31,"column":41},"end":{"line":47,"column":1}},"line":31},"2":{"name":"getOrderDiscountCodesByOrderId","decl":{"start":{"line":54,"column":15},"end":{"line":54,"column":45}},"loc":{"start":{"line":54,"column":56},"end":{"line":69,"column":1}},"line":54},"3":{"name":"addOrderDiscountCodeToOrderByCode","decl":{"start":{"line":75,"column":15},"end":{"line":75,"column":48}},"loc":{"start":{"line":75,"column":59},"end":{"line":80,"column":1}},"line":75}},"branchMap":{},"s":{"0":1,"1":1,"2":4,"3":4,"4":4,"5":3,"6":1,"7":10,"8":10,"9":10,"10":10,"11":10,"12":8,"13":6,"14":4,"15":0,"16":0,"17":0,"18":0,"19":0,"20":0,"21":0,"22":1},"f":{"0":4,"1":10,"2":0,"3":0},"b":{},"_coverageSchema":"1a1c01bbd47fc00a2c39e90264f33305004495a9","hash":"cb06a50950895b76d608188174ab178407b4d9c2"}
,"C:\\Users\\Eduardo\\Desktop\\AlphaED\\Testes\\ex2\\discountopia\\src\\db\\db.js": {"path":"C:\\Users\\Eduardo\\Desktop\\AlphaED\\Testes\\ex2\\discountopia\\src\\db\\db.js","statementMap":{"0":{"start":{"line":1,"column":17},"end":{"line":1,"column":30}},"1":{"start":{"line":2,"column":16},"end":{"line":2,"column":35}},"2":{"start":{"line":5,"column":0},"end":{"line":5,"column":70}},"3":{"start":{"line":5,"column":45},"end":{"line":5,"column":68}},"4":{"start":{"line":7,"column":0},"end":{"line":7,"column":27}},"5":{"start":{"line":13,"column":13},"end":{"line":27,"column":2}},"6":{"start":{"line":15,"column":4},"end":{"line":23,"column":5}},"7":{"start":{"line":16,"column":6},"end":{"line":22,"column":9}},"8":{"start":{"line":25,"column":4},"end":{"line":25,"column":53}},"9":{"start":{"line":32,"column":17},"end":{"line":32,"column":21}},"10":{"start":{"line":34,"column":0},"end":{"line":34,"column":26}}},"fnMap":{"0":{"name":"(anonymous_0)","decl":{"start":{"line":5,"column":28},"end":{"line":5,"column":29}},"loc":{"start":{"line":5,"column":45},"end":{"line":5,"column":68}},"line":5},"1":{"name":"(anonymous_1)","decl":{"start":{"line":14,"column":2},"end":{"line":14,"column":3}},"loc":{"start":{"line":14,"column":30},"end":{"line":26,"column":3}},"line":14}},"branchMap":{"0":{"loc":{"start":{"line":15,"column":4},"end":{"line":23,"column":5}},"type":"if","locations":[{"start":{"line":15,"column":4},"end":{"line":23,"column":5}},{"start":{},"end":{}}],"line":15}},"s":{"0":1,"1":1,"2":1,"3":23,"4":1,"5":1,"6":3926,"7":1,"8":3926,"9":1,"10":1},"f":{"0":23,"1":3926},"b":{"0":[1,3925]},"_coverageSchema":"1a1c01bbd47fc00a2c39e90264f33305004495a9","hash":"eecf7043b129be158397f37ff152a663017eed4c"}
,"C:\\Users\\Eduardo\\Desktop\\AlphaED\\Testes\\ex2\\discountopia\\src\\middlewares\\authentication.js": {"path":"C:\\Users\\Eduardo\\Desktop\\AlphaED\\Testes\\ex2\\discountopia\\src\\middlewares\\authentication.js","statementMap":{"0":{"start":{"line":1,"column":12},"end":{"line":1,"column":35}},"1":{"start":{"line":2,"column":24},"end":{"line":2,"column":44}},"2":{"start":{"line":4,"column":0},"end":{"line":4,"column":27}},"3":{"start":{"line":13,"column":21},"end":{"line":13,"column":46}},"4":{"start":{"line":14,"column":2},"end":{"line":19,"column":3}},"5":{"start":{"line":15,"column":4},"end":{"line":18,"column":7}},"6":{"start":{"line":21,"column":16},"end":{"line":21,"column":40}},"7":{"start":{"line":22,"column":2},"end":{"line":27,"column":3}},"8":{"start":{"line":23,"column":4},"end":{"line":26,"column":7}},"9":{"start":{"line":29,"column":2},"end":{"line":41,"column":3}},"10":{"start":{"line":32,"column":29},"end":{"line":32,"column":76}},"11":{"start":{"line":34,"column":4},"end":{"line":34,"column":23}},"12":{"start":{"line":35,"column":4},"end":{"line":35,"column":11}},"13":{"start":{"line":37,"column":4},"end":{"line":40,"column":7}},"14":{"start":{"line":44,"column":0},"end":{"line":46,"column":2}}},"fnMap":{"0":{"name":"authenticate","decl":{"start":{"line":12,"column":9},"end":{"line":12,"column":21}},"loc":{"start":{"line":12,"column":38},"end":{"line":42,"column":1}},"line":12}},"branchMap":{"0":{"loc":{"start":{"line":14,"column":2},"end":{"line":19,"column":3}},"type":"if","locations":[{"start":{"line":14,"column":2},"end":{"line":19,"column":3}},{"start":{},"end":{}}],"line":14},"1":{"loc":{"start":{"line":22,"column":2},"end":{"line":27,"column":3}},"type":"if","locations":[{"start":{"line":22,"column":2},"end":{"line":27,"column":3}},{"start":{},"end":{}}],"line":22},"2":{"loc":{"start":{"line":32,"column":47},"end":{"line":32,"column":75}},"type":"binary-expr","locations":[{"start":{"line":32,"column":47},"end":{"line":32,"column":69}},{"start":{"line":32,"column":73},"end":{"line":32,"column":75}}],"line":32}},"s":{"0":1,"1":1,"2":1,"3":17,"4":17,"5":2,"6":15,"7":15,"8":0,"9":15,"10":15,"11":14,"12":14,"13":1,"14":1},"f":{"0":17},"b":{"0":[2,15],"1":[0,15],"2":[15,0]},"_coverageSchema":"1a1c01bbd47fc00a2c39e90264f33305004495a9","hash":"9d1af40012ad8c4a71c9a04662a0e75b0ad24410"}
,"C:\\Users\\Eduardo\\Desktop\\AlphaED\\Testes\\ex2\\discountopia\\src\\middlewares\\errorHandler.js": {"path":"C:\\Users\\Eduardo\\Desktop\\AlphaED\\Testes\\ex2\\discountopia\\src\\middlewares\\errorHandler.js","statementMap":{"0":{"start":{"line":1,"column":51},"end":{"line":1,"column":71}},"1":{"start":{"line":12,"column":2},"end":{"line":27,"column":3}},"2":{"start":{"line":19,"column":4},"end":{"line":25,"column":7}},"3":{"start":{"line":26,"column":4},"end":{"line":26,"column":11}},"4":{"start":{"line":30,"column":4},"end":{"line":32,"column":5}},"5":{"start":{"line":34,"column":2},"end":{"line":37,"column":5}},"6":{"start":{"line":40,"column":0},"end":{"line":42,"column":2}}},"fnMap":{"0":{"name":"handleAllErrors","decl":{"start":{"line":10,"column":15},"end":{"line":10,"column":30}},"loc":{"start":{"line":10,"column":52},"end":{"line":38,"column":1}},"line":10}},"branchMap":{"0":{"loc":{"start":{"line":12,"column":2},"end":{"line":27,"column":3}},"type":"if","locations":[{"start":{"line":12,"column":2},"end":{"line":27,"column":3}},{"start":{},"end":{}}],"line":12},"1":{"loc":{"start":{"line":13,"column":4},"end":{"line":17,"column":62}},"type":"binary-expr","locations":[{"start":{"line":13,"column":4},"end":{"line":13,"column":27}},{"start":{"line":14,"column":4},"end":{"line":14,"column":16}},{"start":{"line":15,"column":4},"end":{"line":15,"column":20}},{"start":{"line":16,"column":4},"end":{"line":16,"column":32}},{"start":{"line":17,"column":4},"end":{"line":17,"column":62}}],"line":13}},"s":{"0":1,"1":13,"2":0,"3":0,"4":13,"5":13,"6":1},"f":{"0":13},"b":{"0":[0,13],"1":[13,13,13,13,13]},"_coverageSchema":"1a1c01bbd47fc00a2c39e90264f33305004495a9","hash":"f8695f9d28d1b4dc2d258b6121f137017f49a726"}
,"C:\\Users\\Eduardo\\Desktop\\AlphaED\\Testes\\ex2\\discountopia\\src\\repositories\\applicableCategories.js": {"path":"C:\\Users\\Eduardo\\Desktop\\AlphaED\\Testes\\ex2\\discountopia\\src\\repositories\\applicableCategories.js","statementMap":{"0":{"start":{"line":1,"column":17},"end":{"line":1,"column":36}},"1":{"start":{"line":13,"column":2},"end":{"line":26,"column":3}},"2":{"start":{"line":14,"column":18},"end":{"line":19,"column":5}},"3":{"start":{"line":20,"column":19},"end":{"line":20,"column":37}},"4":{"start":{"line":21,"column":19},"end":{"line":21,"column":52}},"5":{"start":{"line":22,"column":4},"end":{"line":22,"column":23}},"6":{"start":{"line":24,"column":4},"end":{"line":24,"column":71}},"7":{"start":{"line":25,"column":4},"end":{"line":25,"column":16}},"8":{"start":{"line":41,"column":2},"end":{"line":49,"column":3}},"9":{"start":{"line":43,"column":6},"end":{"line":43,"column":88}},"10":{"start":{"line":44,"column":19},"end":{"line":44,"column":50}},"11":{"start":{"line":45,"column":4},"end":{"line":45,"column":38}},"12":{"start":{"line":47,"column":4},"end":{"line":47,"column":53}},"13":{"start":{"line":48,"column":4},"end":{"line":48,"column":16}},"14":{"start":{"line":64,"column":2},"end":{"line":77,"column":3}},"15":{"start":{"line":66,"column":6},"end":{"line":66,"column":89}},"16":{"start":{"line":67,"column":19},"end":{"line":67,"column":50}},"17":{"start":{"line":68,"column":19},"end":{"line":68,"column":52}},"18":{"start":{"line":69,"column":4},"end":{"line":73,"column":5}},"19":{"start":{"line":70,"column":6},"end":{"line":72,"column":8}},"20":{"start":{"line":75,"column":4},"end":{"line":75,"column":56}},"21":{"start":{"line":76,"column":4},"end":{"line":76,"column":16}},"22":{"start":{"line":80,"column":0},"end":{"line":84,"column":2}}},"fnMap":{"0":{"name":"getApplicableCategoriesByDiscountCodeId","decl":{"start":{"line":9,"column":15},"end":{"line":9,"column":54}},"loc":{"start":{"line":12,"column":2},"end":{"line":27,"column":1}},"line":12},"1":{"name":"addApplicableCategory","decl":{"start":{"line":36,"column":15},"end":{"line":36,"column":36}},"loc":{"start":{"line":40,"column":2},"end":{"line":50,"column":1}},"line":40},"2":{"name":"removeApplicableCategory","decl":{"start":{"line":59,"column":15},"end":{"line":59,"column":39}},"loc":{"start":{"line":63,"column":2},"end":{"line":78,"column":1}},"line":63}},"branchMap":{"0":{"loc":{"start":{"line":11,"column":2},"end":{"line":11,"column":15}},"type":"default-arg","locations":[{"start":{"line":11,"column":11},"end":{"line":11,"column":15}}],"line":11},"1":{"loc":{"start":{"line":39,"column":2},"end":{"line":39,"column":15}},"type":"default-arg","locations":[{"start":{"line":39,"column":11},"end":{"line":39,"column":15}}],"line":39},"2":{"loc":{"start":{"line":62,"column":2},"end":{"line":62,"column":15}},"type":"default-arg","locations":[{"start":{"line":62,"column":11},"end":{"line":62,"column":15}}],"line":62},"3":{"loc":{"start":{"line":69,"column":4},"end":{"line":73,"column":5}},"type":"if","locations":[{"start":{"line":69,"column":4},"end":{"line":73,"column":5}},{"start":{},"end":{}}],"line":69}},"s":{"0":1,"1":0,"2":0,"3":0,"4":0,"5":0,"6":0,"7":0,"8":0,"9":0,"10":0,"11":0,"12":0,"13":0,"14":0,"15":0,"16":0,"17":0,"18":0,"19":0,"20":0,"21":0,"22":1},"f":{"0":0,"1":0,"2":0},"b":{"0":[0],"1":[0],"2":[0],"3":[0,0]},"_coverageSchema":"1a1c01bbd47fc00a2c39e90264f33305004495a9","hash":"dc6b410a57e9fdc3b3f57fc26016186b24359347"}
,"C:\\Users\\Eduardo\\Desktop\\AlphaED\\Testes\\ex2\\discountopia\\src\\repositories\\categories.js": {"path":"C:\\Users\\Eduardo\\Desktop\\AlphaED\\Testes\\ex2\\discountopia\\src\\repositories\\categories.js","statementMap":{"0":{"start":{"line":1,"column":17},"end":{"line":1,"column":36}},"1":{"start":{"line":9,"column":2},"end":{"line":15,"column":3}},"2":{"start":{"line":10,"column":19},"end":{"line":10,"column":65}},"3":{"start":{"line":11,"column":4},"end":{"line":11,"column":23}},"4":{"start":{"line":13,"column":4},"end":{"line":13,"column":52}},"5":{"start":{"line":14,"column":4},"end":{"line":14,"column":16}},"6":{"start":{"line":25,"column":2},"end":{"line":33,"column":3}},"7":{"start":{"line":26,"column":18},"end":{"line":26,"column":58}},"8":{"start":{"line":27,"column":19},"end":{"line":27,"column":23}},"9":{"start":{"line":28,"column":19},"end":{"line":28,"column":52}},"10":{"start":{"line":29,"column":4},"end":{"line":29,"column":34}},"11":{"start":{"line":31,"column":4},"end":{"line":31,"column":51}},"12":{"start":{"line":32,"column":4},"end":{"line":32,"column":16}},"13":{"start":{"line":43,"column":2},"end":{"line":51,"column":3}},"14":{"start":{"line":44,"column":18},"end":{"line":44,"column":73}},"15":{"start":{"line":45,"column":19},"end":{"line":45,"column":25}},"16":{"start":{"line":46,"column":19},"end":{"line":46,"column":52}},"17":{"start":{"line":47,"column":4},"end":{"line":47,"column":26}},"18":{"start":{"line":49,"column":4},"end":{"line":49,"column":50}},"19":{"start":{"line":50,"column":4},"end":{"line":50,"column":16}},"20":{"start":{"line":62,"column":2},"end":{"line":73,"column":3}},"21":{"start":{"line":63,"column":18},"end":{"line":63,"column":77}},"22":{"start":{"line":64,"column":19},"end":{"line":64,"column":29}},"23":{"start":{"line":65,"column":19},"end":{"line":65,"column":52}},"24":{"start":{"line":66,"column":4},"end":{"line":68,"column":5}},"25":{"start":{"line":67,"column":6},"end":{"line":67,"column":57}},"26":{"start":{"line":69,"column":4},"end":{"line":69,"column":26}},"27":{"start":{"line":71,"column":4},"end":{"line":71,"column":50}},"28":{"start":{"line":72,"column":4},"end":{"line":72,"column":16}},"29":{"start":{"line":83,"column":2},"end":{"line":93,"column":3}},"30":{"start":{"line":84,"column":18},"end":{"line":84,"column":56}},"31":{"start":{"line":85,"column":19},"end":{"line":85,"column":23}},"32":{"start":{"line":86,"column":19},"end":{"line":86,"column":52}},"33":{"start":{"line":87,"column":4},"end":{"line":89,"column":5}},"34":{"start":{"line":88,"column":6},"end":{"line":88,"column":57}},"35":{"start":{"line":91,"column":4},"end":{"line":91,"column":50}},"36":{"start":{"line":92,"column":4},"end":{"line":92,"column":16}},"37":{"start":{"line":96,"column":0},"end":{"line":102,"column":2}}},"fnMap":{"0":{"name":"getAllCategories","decl":{"start":{"line":8,"column":15},"end":{"line":8,"column":31}},"loc":{"start":{"line":8,"column":47},"end":{"line":16,"column":1}},"line":8},"1":{"name":"getCategoryById","decl":{"start":{"line":24,"column":15},"end":{"line":24,"column":30}},"loc":{"start":{"line":24,"column":50},"end":{"line":34,"column":1}},"line":24},"2":{"name":"createCategory","decl":{"start":{"line":42,"column":15},"end":{"line":42,"column":29}},"loc":{"start":{"line":42,"column":51},"end":{"line":52,"column":1}},"line":42},"3":{"name":"updateCategory","decl":{"start":{"line":61,"column":15},"end":{"line":61,"column":29}},"loc":{"start":{"line":61,"column":55},"end":{"line":74,"column":1}},"line":61},"4":{"name":"deleteCategory","decl":{"start":{"line":82,"column":15},"end":{"line":82,"column":29}},"loc":{"start":{"line":82,"column":49},"end":{"line":94,"column":1}},"line":82}},"branchMap":{"0":{"loc":{"start":{"line":8,"column":32},"end":{"line":8,"column":45}},"type":"default-arg","locations":[{"start":{"line":8,"column":41},"end":{"line":8,"column":45}}],"line":8},"1":{"loc":{"start":{"line":24,"column":35},"end":{"line":24,"column":48}},"type":"default-arg","locations":[{"start":{"line":24,"column":44},"end":{"line":24,"column":48}}],"line":24},"2":{"loc":{"start":{"line":29,"column":11},"end":{"line":29,"column":33}},"type":"binary-expr","locations":[{"start":{"line":29,"column":11},"end":{"line":29,"column":25}},{"start":{"line":29,"column":29},"end":{"line":29,"column":33}}],"line":29},"3":{"loc":{"start":{"line":42,"column":36},"end":{"line":42,"column":49}},"type":"default-arg","locations":[{"start":{"line":42,"column":45},"end":{"line":42,"column":49}}],"line":42},"4":{"loc":{"start":{"line":61,"column":40},"end":{"line":61,"column":53}},"type":"default-arg","locations":[{"start":{"line":61,"column":49},"end":{"line":61,"column":53}}],"line":61},"5":{"loc":{"start":{"line":66,"column":4},"end":{"line":68,"column":5}},"type":"if","locations":[{"start":{"line":66,"column":4},"end":{"line":68,"column":5}},{"start":{},"end":{}}],"line":66},"6":{"loc":{"start":{"line":82,"column":34},"end":{"line":82,"column":47}},"type":"default-arg","locations":[{"start":{"line":82,"column":43},"end":{"line":82,"column":47}}],"line":82},"7":{"loc":{"start":{"line":87,"column":4},"end":{"line":89,"column":5}},"type":"if","locations":[{"start":{"line":87,"column":4},"end":{"line":89,"column":5}},{"start":{},"end":{}}],"line":87}},"s":{"0":1,"1":0,"2":0,"3":0,"4":0,"5":0,"6":0,"7":0,"8":0,"9":0,"10":0,"11":0,"12":0,"13":9,"14":9,"15":9,"16":9,"17":9,"18":0,"19":0,"20":0,"21":0,"22":0,"23":0,"24":0,"25":0,"26":0,"27":0,"28":0,"29":0,"30":0,"31":0,"32":0,"33":0,"34":0,"35":0,"36":0,"37":1},"f":{"0":0,"1":0,"2":9,"3":0,"4":0},"b":{"0":[0],"1":[0],"2":[0,0],"3":[9],"4":[0],"5":[0,0],"6":[0],"7":[0,0]},"_coverageSchema":"1a1c01bbd47fc00a2c39e90264f33305004495a9","hash":"7eafb0239585c5a04b6f32474459003b336e0b70"}
,"C:\\Users\\Eduardo\\Desktop\\AlphaED\\Testes\\ex2\\discountopia\\src\\repositories\\discountCodes.js": {"path":"C:\\Users\\Eduardo\\Desktop\\AlphaED\\Testes\\ex2\\discountopia\\src\\repositories\\discountCodes.js","statementMap":{"0":{"start":{"line":1,"column":17},"end":{"line":1,"column":36}},"1":{"start":{"line":9,"column":2},"end":{"line":15,"column":3}},"2":{"start":{"line":10,"column":19},"end":{"line":10,"column":68}},"3":{"start":{"line":11,"column":4},"end":{"line":11,"column":23}},"4":{"start":{"line":13,"column":4},"end":{"line":13,"column":51}},"5":{"start":{"line":14,"column":4},"end":{"line":14,"column":16}},"6":{"start":{"line":25,"column":2},"end":{"line":33,"column":3}},"7":{"start":{"line":26,"column":18},"end":{"line":26,"column":61}},"8":{"start":{"line":27,"column":19},"end":{"line":27,"column":23}},"9":{"start":{"line":28,"column":19},"end":{"line":28,"column":52}},"10":{"start":{"line":29,"column":4},"end":{"line":29,"column":34}},"11":{"start":{"line":31,"column":4},"end":{"line":31,"column":51}},"12":{"start":{"line":32,"column":4},"end":{"line":32,"column":16}},"13":{"start":{"line":43,"column":2},"end":{"line":51,"column":3}},"14":{"start":{"line":44,"column":18},"end":{"line":44,"column":63}},"15":{"start":{"line":45,"column":19},"end":{"line":45,"column":25}},"16":{"start":{"line":46,"column":19},"end":{"line":46,"column":52}},"17":{"start":{"line":47,"column":4},"end":{"line":47,"column":34}},"18":{"start":{"line":49,"column":4},"end":{"line":49,"column":51}},"19":{"start":{"line":50,"column":4},"end":{"line":50,"column":16}},"20":{"start":{"line":72,"column":2},"end":{"line":81,"column":3}},"21":{"start":{"line":74,"column":6},"end":{"line":74,"column":131}},"22":{"start":{"line":75,"column":19},"end":{"line":75,"column":73}},"23":{"start":{"line":76,"column":19},"end":{"line":76,"column":52}},"24":{"start":{"line":77,"column":4},"end":{"line":77,"column":26}},"25":{"start":{"line":79,"column":4},"end":{"line":79,"column":50}},"26":{"start":{"line":80,"column":4},"end":{"line":80,"column":16}},"27":{"start":{"line":104,"column":2},"end":{"line":118,"column":3}},"28":{"start":{"line":106,"column":6},"end":{"line":106,"column":139}},"29":{"start":{"line":107,"column":19},"end":{"line":107,"column":77}},"30":{"start":{"line":108,"column":19},"end":{"line":108,"column":52}},"31":{"start":{"line":109,"column":4},"end":{"line":113,"column":5}},"32":{"start":{"line":110,"column":6},"end":{"line":112,"column":8}},"33":{"start":{"line":114,"column":4},"end":{"line":114,"column":26}},"34":{"start":{"line":116,"column":4},"end":{"line":116,"column":50}},"35":{"start":{"line":117,"column":4},"end":{"line":117,"column":16}},"36":{"start":{"line":127,"column":2},"end":{"line":139,"column":3}},"37":{"start":{"line":128,"column":18},"end":{"line":128,"column":59}},"38":{"start":{"line":129,"column":19},"end":{"line":129,"column":23}},"39":{"start":{"line":130,"column":19},"end":{"line":130,"column":52}},"40":{"start":{"line":131,"column":4},"end":{"line":135,"column":5}},"41":{"start":{"line":132,"column":6},"end":{"line":134,"column":8}},"42":{"start":{"line":137,"column":4},"end":{"line":137,"column":50}},"43":{"start":{"line":138,"column":4},"end":{"line":138,"column":16}},"44":{"start":{"line":142,"column":0},"end":{"line":149,"column":2}}},"fnMap":{"0":{"name":"getAllDiscountCodes","decl":{"start":{"line":8,"column":15},"end":{"line":8,"column":34}},"loc":{"start":{"line":8,"column":50},"end":{"line":16,"column":1}},"line":8},"1":{"name":"getDiscountCodeById","decl":{"start":{"line":24,"column":15},"end":{"line":24,"column":34}},"loc":{"start":{"line":24,"column":54},"end":{"line":34,"column":1}},"line":24},"2":{"name":"getDiscountCodeByCode","decl":{"start":{"line":42,"column":15},"end":{"line":42,"column":36}},"loc":{"start":{"line":42,"column":58},"end":{"line":52,"column":1}},"line":42},"3":{"name":"createDiscountCode","decl":{"start":{"line":64,"column":15},"end":{"line":64,"column":33}},"loc":{"start":{"line":71,"column":2},"end":{"line":82,"column":1}},"line":71},"4":{"name":"updateDiscountCode","decl":{"start":{"line":95,"column":15},"end":{"line":95,"column":33}},"loc":{"start":{"line":103,"column":2},"end":{"line":119,"column":1}},"line":103},"5":{"name":"deleteDiscountCode","decl":{"start":{"line":126,"column":15},"end":{"line":126,"column":33}},"loc":{"start":{"line":126,"column":53},"end":{"line":140,"column":1}},"line":126}},"branchMap":{"0":{"loc":{"start":{"line":8,"column":35},"end":{"line":8,"column":48}},"type":"default-arg","locations":[{"start":{"line":8,"column":44},"end":{"line":8,"column":48}}],"line":8},"1":{"loc":{"start":{"line":24,"column":39},"end":{"line":24,"column":52}},"type":"default-arg","locations":[{"start":{"line":24,"column":48},"end":{"line":24,"column":52}}],"line":24},"2":{"loc":{"start":{"line":29,"column":11},"end":{"line":29,"column":33}},"type":"binary-expr","locations":[{"start":{"line":29,"column":11},"end":{"line":29,"column":25}},{"start":{"line":29,"column":29},"end":{"line":29,"column":33}}],"line":29},"3":{"loc":{"start":{"line":42,"column":43},"end":{"line":42,"column":56}},"type":"default-arg","locations":[{"start":{"line":42,"column":52},"end":{"line":42,"column":56}}],"line":42},"4":{"loc":{"start":{"line":47,"column":11},"end":{"line":47,"column":33}},"type":"binary-expr","locations":[{"start":{"line":47,"column":11},"end":{"line":47,"column":25}},{"start":{"line":47,"column":29},"end":{"line":47,"column":33}}],"line":47},"5":{"loc":{"start":{"line":70,"column":2},"end":{"line":70,"column":15}},"type":"default-arg","locations":[{"start":{"line":70,"column":11},"end":{"line":70,"column":15}}],"line":70},"6":{"loc":{"start":{"line":102,"column":2},"end":{"line":102,"column":15}},"type":"default-arg","locations":[{"start":{"line":102,"column":11},"end":{"line":102,"column":15}}],"line":102},"7":{"loc":{"start":{"line":109,"column":4},"end":{"line":113,"column":5}},"type":"if","locations":[{"start":{"line":109,"column":4},"end":{"line":113,"column":5}},{"start":{},"end":{}}],"line":109},"8":{"loc":{"start":{"line":126,"column":38},"end":{"line":126,"column":51}},"type":"default-arg","locations":[{"start":{"line":126,"column":47},"end":{"line":126,"column":51}}],"line":126},"9":{"loc":{"start":{"line":131,"column":4},"end":{"line":135,"column":5}},"type":"if","locations":[{"start":{"line":131,"column":4},"end":{"line":135,"column":5}},{"start":{},"end":{}}],"line":131}},"s":{"0":1,"1":0,"2":0,"3":0,"4":0,"5":0,"6":0,"7":0,"8":0,"9":0,"10":0,"11":0,"12":0,"13":0,"14":0,"15":0,"16":0,"17":0,"18":0,"19":0,"20":0,"21":0,"22":0,"23":0,"24":0,"25":0,"26":0,"27":0,"28":0,"29":0,"30":0,"31":0,"32":0,"33":0,"34":0,"35":0,"36":0,"37":0,"38":0,"39":0,"40":0,"41":0,"42":0,"43":0,"44":1},"f":{"0":0,"1":0,"2":0,"3":0,"4":0,"5":0},"b":{"0":[0],"1":[0],"2":[0,0],"3":[0],"4":[0,0],"5":[0],"6":[0],"7":[0,0],"8":[0],"9":[0,0]},"_coverageSchema":"1a1c01bbd47fc00a2c39e90264f33305004495a9","hash":"04478e888dc26d203453d5fac67fd769303d8a04"}
,"C:\\Users\\Eduardo\\Desktop\\AlphaED\\Testes\\ex2\\discountopia\\src\\repositories\\orderDiscounts.js": {"path":"C:\\Users\\Eduardo\\Desktop\\AlphaED\\Testes\\ex2\\discountopia\\src\\repositories\\orderDiscounts.js","statementMap":{"0":{"start":{"line":1,"column":17},"end":{"line":1,"column":36}},"1":{"start":{"line":15,"column":2},"end":{"line":23,"column":3}},"2":{"start":{"line":17,"column":6},"end":{"line":17,"column":79}},"3":{"start":{"line":18,"column":19},"end":{"line":18,"column":47}},"4":{"start":{"line":19,"column":4},"end":{"line":19,"column":38}},"5":{"start":{"line":21,"column":4},"end":{"line":21,"column":52}},"6":{"start":{"line":22,"column":4},"end":{"line":22,"column":16}},"7":{"start":{"line":38,"column":2},"end":{"line":51,"column":3}},"8":{"start":{"line":40,"column":6},"end":{"line":40,"column":80}},"9":{"start":{"line":41,"column":19},"end":{"line":41,"column":47}},"10":{"start":{"line":42,"column":19},"end":{"line":42,"column":52}},"11":{"start":{"line":43,"column":4},"end":{"line":47,"column":5}},"12":{"start":{"line":44,"column":6},"end":{"line":46,"column":8}},"13":{"start":{"line":49,"column":4},"end":{"line":49,"column":57}},"14":{"start":{"line":50,"column":4},"end":{"line":50,"column":16}},"15":{"start":{"line":61,"column":2},"end":{"line":74,"column":3}},"16":{"start":{"line":62,"column":18},"end":{"line":67,"column":7}},"17":{"start":{"line":68,"column":19},"end":{"line":68,"column":29}},"18":{"start":{"line":69,"column":19},"end":{"line":69,"column":52}},"19":{"start":{"line":70,"column":4},"end":{"line":70,"column":23}},"20":{"start":{"line":72,"column":4},"end":{"line":72,"column":60}},"21":{"start":{"line":73,"column":4},"end":{"line":73,"column":16}},"22":{"start":{"line":84,"column":2},"end":{"line":98,"column":3}},"23":{"start":{"line":85,"column":18},"end":{"line":91,"column":7}},"24":{"start":{"line":92,"column":19},"end":{"line":92,"column":28}},"25":{"start":{"line":93,"column":19},"end":{"line":93,"column":52}},"26":{"start":{"line":94,"column":4},"end":{"line":94,"column":23}},"27":{"start":{"line":96,"column":4},"end":{"line":96,"column":52}},"28":{"start":{"line":97,"column":4},"end":{"line":97,"column":16}},"29":{"start":{"line":102,"column":0},"end":{"line":107,"column":2}}},"fnMap":{"0":{"name":"addDiscountCodeToOrder","decl":{"start":{"line":10,"column":15},"end":{"line":10,"column":37}},"loc":{"start":{"line":14,"column":2},"end":{"line":24,"column":1}},"line":14},"1":{"name":"removeDiscountCodeFromOrder","decl":{"start":{"line":33,"column":15},"end":{"line":33,"column":42}},"loc":{"start":{"line":37,"column":2},"end":{"line":52,"column":1}},"line":37},"2":{"name":"getOrderDiscountCodesByOrderId","decl":{"start":{"line":60,"column":15},"end":{"line":60,"column":45}},"loc":{"start":{"line":60,"column":71},"end":{"line":75,"column":1}},"line":60},"3":{"name":"getOrderDiscountCodesByUserId","decl":{"start":{"line":83,"column":15},"end":{"line":83,"column":44}},"loc":{"start":{"line":83,"column":69},"end":{"line":99,"column":1}},"line":83}},"branchMap":{"0":{"loc":{"start":{"line":13,"column":2},"end":{"line":13,"column":15}},"type":"default-arg","locations":[{"start":{"line":13,"column":11},"end":{"line":13,"column":15}}],"line":13},"1":{"loc":{"start":{"line":36,"column":2},"end":{"line":36,"column":15}},"type":"default-arg","locations":[{"start":{"line":36,"column":11},"end":{"line":36,"column":15}}],"line":36},"2":{"loc":{"start":{"line":43,"column":4},"end":{"line":47,"column":5}},"type":"if","locations":[{"start":{"line":43,"column":4},"end":{"line":47,"column":5}},{"start":{},"end":{}}],"line":43},"3":{"loc":{"start":{"line":60,"column":56},"end":{"line":60,"column":69}},"type":"default-arg","locations":[{"start":{"line":60,"column":65},"end":{"line":60,"column":69}}],"line":60},"4":{"loc":{"start":{"line":83,"column":54},"end":{"line":83,"column":67}},"type":"default-arg","locations":[{"start":{"line":83,"column":63},"end":{"line":83,"column":67}}],"line":83}},"s":{"0":1,"1":0,"2":0,"3":0,"4":0,"5":0,"6":0,"7":0,"8":0,"9":0,"10":0,"11":0,"12":0,"13":0,"14":0,"15":0,"16":0,"17":0,"18":0,"19":0,"20":0,"21":0,"22":0,"23":0,"24":0,"25":0,"26":0,"27":0,"28":0,"29":1},"f":{"0":0,"1":0,"2":0,"3":0},"b":{"0":[0],"1":[0],"2":[0,0],"3":[0],"4":[0]},"_coverageSchema":"1a1c01bbd47fc00a2c39e90264f33305004495a9","hash":"a2ed5eb07311e8f99c115185e5b18f6bcdbbd600"}
,"C:\\Users\\Eduardo\\Desktop\\AlphaED\\Testes\\ex2\\discountopia\\src\\repositories\\orderItems.js": {"path":"C:\\Users\\Eduardo\\Desktop\\AlphaED\\Testes\\ex2\\discountopia\\src\\repositories\\orderItems.js","statementMap":{"0":{"start":{"line":1,"column":17},"end":{"line":1,"column":36}},"1":{"start":{"line":9,"column":2},"end":{"line":15,"column":3}},"2":{"start":{"line":10,"column":19},"end":{"line":10,"column":65}},"3":{"start":{"line":11,"column":4},"end":{"line":11,"column":23}},"4":{"start":{"line":13,"column":4},"end":{"line":13,"column":54}},"5":{"start":{"line":14,"column":4},"end":{"line":14,"column":16}},"6":{"start":{"line":25,"column":2},"end":{"line":33,"column":3}},"7":{"start":{"line":26,"column":18},"end":{"line":26,"column":64}},"8":{"start":{"line":27,"column":19},"end":{"line":27,"column":29}},"9":{"start":{"line":28,"column":19},"end":{"line":28,"column":52}},"10":{"start":{"line":29,"column":4},"end":{"line":29,"column":23}},"11":{"start":{"line":31,"column":4},"end":{"line":31,"column":60}},"12":{"start":{"line":32,"column":4},"end":{"line":32,"column":16}},"13":{"start":{"line":48,"column":2},"end":{"line":67,"column":3}},"14":{"start":{"line":49,"column":18},"end":{"line":60,"column":5}},"15":{"start":{"line":61,"column":19},"end":{"line":61,"column":29}},"16":{"start":{"line":62,"column":19},"end":{"line":62,"column":52}},"17":{"start":{"line":63,"column":4},"end":{"line":63,"column":23}},"18":{"start":{"line":65,"column":4},"end":{"line":65,"column":60}},"19":{"start":{"line":66,"column":4},"end":{"line":66,"column":16}},"20":{"start":{"line":79,"column":2},"end":{"line":90,"column":3}},"21":{"start":{"line":80,"column":18},"end":{"line":83,"column":5}},"22":{"start":{"line":84,"column":19},"end":{"line":84,"column":51}},"23":{"start":{"line":85,"column":19},"end":{"line":85,"column":52}},"24":{"start":{"line":86,"column":4},"end":{"line":86,"column":26}},"25":{"start":{"line":88,"column":4},"end":{"line":88,"column":53}},"26":{"start":{"line":89,"column":4},"end":{"line":89,"column":16}},"27":{"start":{"line":102,"column":2},"end":{"line":121,"column":3}},"28":{"start":{"line":103,"column":18},"end":{"line":108,"column":5}},"29":{"start":{"line":109,"column":19},"end":{"line":109,"column":51}},"30":{"start":{"line":110,"column":4},"end":{"line":110,"column":38}},"31":{"start":{"line":111,"column":19},"end":{"line":111,"column":52}},"32":{"start":{"line":112,"column":4},"end":{"line":116,"column":5}},"33":{"start":{"line":113,"column":6},"end":{"line":115,"column":8}},"34":{"start":{"line":117,"column":4},"end":{"line":117,"column":26}},"35":{"start":{"line":119,"column":4},"end":{"line":119,"column":53}},"36":{"start":{"line":120,"column":4},"end":{"line":120,"column":16}},"37":{"start":{"line":132,"column":2},"end":{"line":145,"column":3}},"38":{"start":{"line":134,"column":6},"end":{"line":134,"column":70}},"39":{"start":{"line":135,"column":19},"end":{"line":135,"column":41}},"40":{"start":{"line":136,"column":19},"end":{"line":136,"column":52}},"41":{"start":{"line":137,"column":4},"end":{"line":141,"column":5}},"42":{"start":{"line":138,"column":6},"end":{"line":140,"column":8}},"43":{"start":{"line":143,"column":4},"end":{"line":143,"column":53}},"44":{"start":{"line":144,"column":4},"end":{"line":144,"column":16}},"45":{"start":{"line":148,"column":0},"end":{"line":155,"column":2}}},"fnMap":{"0":{"name":"getAllOrderItems","decl":{"start":{"line":8,"column":15},"end":{"line":8,"column":31}},"loc":{"start":{"line":8,"column":47},"end":{"line":16,"column":1}},"line":8},"1":{"name":"getOrderItemsByOrderId","decl":{"start":{"line":24,"column":15},"end":{"line":24,"column":37}},"loc":{"start":{"line":24,"column":63},"end":{"line":34,"column":1}},"line":24},"2":{"name":"getOrderItemsWithProductInformationByOrderId","decl":{"start":{"line":44,"column":15},"end":{"line":44,"column":59}},"loc":{"start":{"line":47,"column":2},"end":{"line":68,"column":1}},"line":47},"3":{"name":"createOrderItem","decl":{"start":{"line":78,"column":15},"end":{"line":78,"column":30}},"loc":{"start":{"line":78,"column":78},"end":{"line":91,"column":1}},"line":78},"4":{"name":"updateOrderItem","decl":{"start":{"line":101,"column":15},"end":{"line":101,"column":30}},"loc":{"start":{"line":101,"column":78},"end":{"line":122,"column":1}},"line":101},"5":{"name":"deleteOrderItem","decl":{"start":{"line":131,"column":15},"end":{"line":131,"column":30}},"loc":{"start":{"line":131,"column":68},"end":{"line":146,"column":1}},"line":131}},"branchMap":{"0":{"loc":{"start":{"line":8,"column":32},"end":{"line":8,"column":45}},"type":"default-arg","locations":[{"start":{"line":8,"column":41},"end":{"line":8,"column":45}}],"line":8},"1":{"loc":{"start":{"line":24,"column":48},"end":{"line":24,"column":61}},"type":"default-arg","locations":[{"start":{"line":24,"column":57},"end":{"line":24,"column":61}}],"line":24},"2":{"loc":{"start":{"line":46,"column":2},"end":{"line":46,"column":15}},"type":"default-arg","locations":[{"start":{"line":46,"column":11},"end":{"line":46,"column":15}}],"line":46},"3":{"loc":{"start":{"line":78,"column":63},"end":{"line":78,"column":76}},"type":"default-arg","locations":[{"start":{"line":78,"column":72},"end":{"line":78,"column":76}}],"line":78},"4":{"loc":{"start":{"line":101,"column":63},"end":{"line":101,"column":76}},"type":"default-arg","locations":[{"start":{"line":101,"column":72},"end":{"line":101,"column":76}}],"line":101},"5":{"loc":{"start":{"line":112,"column":4},"end":{"line":116,"column":5}},"type":"if","locations":[{"start":{"line":112,"column":4},"end":{"line":116,"column":5}},{"start":{},"end":{}}],"line":112},"6":{"loc":{"start":{"line":131,"column":53},"end":{"line":131,"column":66}},"type":"default-arg","locations":[{"start":{"line":131,"column":62},"end":{"line":131,"column":66}}],"line":131},"7":{"loc":{"start":{"line":137,"column":4},"end":{"line":141,"column":5}},"type":"if","locations":[{"start":{"line":137,"column":4},"end":{"line":141,"column":5}},{"start":{},"end":{}}],"line":137}},"s":{"0":1,"1":0,"2":0,"3":0,"4":0,"5":0,"6":2,"7":2,"8":2,"9":2,"10":2,"11":0,"12":0,"13":0,"14":0,"15":0,"16":0,"17":0,"18":0,"19":0,"20":9,"21":9,"22":9,"23":9,"24":9,"25":0,"26":0,"27":0,"28":0,"29":0,"30":0,"31":0,"32":0,"33":0,"34":0,"35":0,"36":0,"37":0,"38":0,"39":0,"40":0,"41":0,"42":0,"43":0,"44":0,"45":1},"f":{"0":0,"1":2,"2":0,"3":9,"4":0,"5":0},"b":{"0":[0],"1":[2],"2":[0],"3":[9],"4":[0],"5":[0,0],"6":[0],"7":[0,0]},"_coverageSchema":"1a1c01bbd47fc00a2c39e90264f33305004495a9","hash":"5f765fc30b17ebc3a8b98231f25c512652a4b829"}
,"C:\\Users\\Eduardo\\Desktop\\AlphaED\\Testes\\ex2\\discountopia\\src\\repositories\\orders.js": {"path":"C:\\Users\\Eduardo\\Desktop\\AlphaED\\Testes\\ex2\\discountopia\\src\\repositories\\orders.js","statementMap":{"0":{"start":{"line":1,"column":17},"end":{"line":1,"column":36}},"1":{"start":{"line":9,"column":2},"end":{"line":15,"column":3}},"2":{"start":{"line":10,"column":19},"end":{"line":10,"column":61}},"3":{"start":{"line":11,"column":4},"end":{"line":11,"column":23}},"4":{"start":{"line":13,"column":4},"end":{"line":13,"column":42}},"5":{"start":{"line":14,"column":4},"end":{"line":14,"column":16}},"6":{"start":{"line":25,"column":2},"end":{"line":33,"column":3}},"7":{"start":{"line":26,"column":18},"end":{"line":26,"column":54}},"8":{"start":{"line":27,"column":19},"end":{"line":27,"column":23}},"9":{"start":{"line":28,"column":19},"end":{"line":28,"column":52}},"10":{"start":{"line":29,"column":4},"end":{"line":29,"column":34}},"11":{"start":{"line":31,"column":4},"end":{"line":31,"column":42}},"12":{"start":{"line":32,"column":4},"end":{"line":32,"column":16}},"13":{"start":{"line":44,"column":2},"end":{"line":56,"column":3}},"14":{"start":{"line":45,"column":18},"end":{"line":49,"column":5}},"15":{"start":{"line":50,"column":19},"end":{"line":50,"column":39}},"16":{"start":{"line":51,"column":19},"end":{"line":51,"column":52}},"17":{"start":{"line":52,"column":4},"end":{"line":52,"column":26}},"18":{"start":{"line":54,"column":4},"end":{"line":54,"column":41}},"19":{"start":{"line":55,"column":4},"end":{"line":55,"column":16}},"20":{"start":{"line":67,"column":2},"end":{"line":83,"column":3}},"21":{"start":{"line":68,"column":18},"end":{"line":73,"column":5}},"22":{"start":{"line":74,"column":19},"end":{"line":74,"column":34}},"23":{"start":{"line":75,"column":19},"end":{"line":75,"column":52}},"24":{"start":{"line":76,"column":4},"end":{"line":78,"column":5}},"25":{"start":{"line":77,"column":6},"end":{"line":77,"column":54}},"26":{"start":{"line":79,"column":4},"end":{"line":79,"column":26}},"27":{"start":{"line":81,"column":4},"end":{"line":81,"column":41}},"28":{"start":{"line":82,"column":4},"end":{"line":82,"column":16}},"29":{"start":{"line":93,"column":2},"end":{"line":103,"column":3}},"30":{"start":{"line":94,"column":18},"end":{"line":94,"column":52}},"31":{"start":{"line":95,"column":19},"end":{"line":95,"column":23}},"32":{"start":{"line":96,"column":19},"end":{"line":96,"column":52}},"33":{"start":{"line":97,"column":4},"end":{"line":99,"column":5}},"34":{"start":{"line":98,"column":6},"end":{"line":98,"column":54}},"35":{"start":{"line":101,"column":4},"end":{"line":101,"column":41}},"36":{"start":{"line":102,"column":4},"end":{"line":102,"column":16}},"37":{"start":{"line":106,"column":0},"end":{"line":112,"column":2}}},"fnMap":{"0":{"name":"getAllOrders","decl":{"start":{"line":8,"column":15},"end":{"line":8,"column":27}},"loc":{"start":{"line":8,"column":43},"end":{"line":16,"column":1}},"line":8},"1":{"name":"getOrderById","decl":{"start":{"line":24,"column":15},"end":{"line":24,"column":27}},"loc":{"start":{"line":24,"column":47},"end":{"line":34,"column":1}},"line":24},"2":{"name":"createOrder","decl":{"start":{"line":43,"column":15},"end":{"line":43,"column":26}},"loc":{"start":{"line":43,"column":62},"end":{"line":57,"column":1}},"line":43},"3":{"name":"updateOrder","decl":{"start":{"line":66,"column":15},"end":{"line":66,"column":26}},"loc":{"start":{"line":66,"column":57},"end":{"line":84,"column":1}},"line":66},"4":{"name":"deleteOrder","decl":{"start":{"line":92,"column":15},"end":{"line":92,"column":26}},"loc":{"start":{"line":92,"column":46},"end":{"line":104,"column":1}},"line":92}},"branchMap":{"0":{"loc":{"start":{"line":8,"column":28},"end":{"line":8,"column":41}},"type":"default-arg","locations":[{"start":{"line":8,"column":37},"end":{"line":8,"column":41}}],"line":8},"1":{"loc":{"start":{"line":24,"column":32},"end":{"line":24,"column":45}},"type":"default-arg","locations":[{"start":{"line":24,"column":41},"end":{"line":24,"column":45}}],"line":24},"2":{"loc":{"start":{"line":29,"column":11},"end":{"line":29,"column":33}},"type":"binary-expr","locations":[{"start":{"line":29,"column":11},"end":{"line":29,"column":25}},{"start":{"line":29,"column":29},"end":{"line":29,"column":33}}],"line":29},"3":{"loc":{"start":{"line":43,"column":47},"end":{"line":43,"column":60}},"type":"default-arg","locations":[{"start":{"line":43,"column":56},"end":{"line":43,"column":60}}],"line":43},"4":{"loc":{"start":{"line":66,"column":42},"end":{"line":66,"column":55}},"type":"default-arg","locations":[{"start":{"line":66,"column":51},"end":{"line":66,"column":55}}],"line":66},"5":{"loc":{"start":{"line":76,"column":4},"end":{"line":78,"column":5}},"type":"if","locations":[{"start":{"line":76,"column":4},"end":{"line":78,"column":5}},{"start":{},"end":{}}],"line":76},"6":{"loc":{"start":{"line":92,"column":31},"end":{"line":92,"column":44}},"type":"default-arg","locations":[{"start":{"line":92,"column":40},"end":{"line":92,"column":44}}],"line":92},"7":{"loc":{"start":{"line":97,"column":4},"end":{"line":99,"column":5}},"type":"if","locations":[{"start":{"line":97,"column":4},"end":{"line":99,"column":5}},{"start":{},"end":{}}],"line":97}},"s":{"0":1,"1":0,"2":0,"3":0,"4":0,"5":0,"6":7,"7":7,"8":7,"9":7,"10":7,"11":0,"12":0,"13":9,"14":9,"15":9,"16":9,"17":9,"18":0,"19":0,"20":0,"21":0,"22":0,"23":0,"24":0,"25":0,"26":0,"27":0,"28":0,"29":0,"30":0,"31":0,"32":0,"33":0,"34":0,"35":0,"36":0,"37":1},"f":{"0":0,"1":7,"2":9,"3":0,"4":0},"b":{"0":[0],"1":[7],"2":[7,2],"3":[9],"4":[0],"5":[0,0],"6":[0],"7":[0,0]},"_coverageSchema":"1a1c01bbd47fc00a2c39e90264f33305004495a9","hash":"2fdc6ab39ee9c74ab9298861df99346a1cf5c353"}
,"C:\\Users\\Eduardo\\Desktop\\AlphaED\\Testes\\ex2\\discountopia\\src\\repositories\\products.js": {"path":"C:\\Users\\Eduardo\\Desktop\\AlphaED\\Testes\\ex2\\discountopia\\src\\repositories\\products.js","statementMap":{"0":{"start":{"line":1,"column":17},"end":{"line":1,"column":36}},"1":{"start":{"line":9,"column":2},"end":{"line":15,"column":3}},"2":{"start":{"line":10,"column":19},"end":{"line":10,"column":63}},"3":{"start":{"line":11,"column":4},"end":{"line":11,"column":23}},"4":{"start":{"line":13,"column":4},"end":{"line":13,"column":50}},"5":{"start":{"line":14,"column":4},"end":{"line":14,"column":16}},"6":{"start":{"line":25,"column":2},"end":{"line":33,"column":3}},"7":{"start":{"line":26,"column":18},"end":{"line":26,"column":56}},"8":{"start":{"line":27,"column":19},"end":{"line":27,"column":23}},"9":{"start":{"line":28,"column":19},"end":{"line":28,"column":52}},"10":{"start":{"line":29,"column":4},"end":{"line":29,"column":34}},"11":{"start":{"line":31,"column":4},"end":{"line":31,"column":50}},"12":{"start":{"line":32,"column":4},"end":{"line":32,"column":16}},"13":{"start":{"line":45,"column":2},"end":{"line":54,"column":3}},"14":{"start":{"line":47,"column":6},"end":{"line":47,"column":87}},"15":{"start":{"line":48,"column":19},"end":{"line":48,"column":45}},"16":{"start":{"line":49,"column":19},"end":{"line":49,"column":52}},"17":{"start":{"line":50,"column":4},"end":{"line":50,"column":26}},"18":{"start":{"line":52,"column":4},"end":{"line":52,"column":49}},"19":{"start":{"line":53,"column":4},"end":{"line":53,"column":16}},"20":{"start":{"line":67,"column":2},"end":{"line":79,"column":3}},"21":{"start":{"line":69,"column":6},"end":{"line":69,"column":93}},"22":{"start":{"line":70,"column":19},"end":{"line":70,"column":49}},"23":{"start":{"line":71,"column":19},"end":{"line":71,"column":52}},"24":{"start":{"line":72,"column":4},"end":{"line":74,"column":5}},"25":{"start":{"line":73,"column":6},"end":{"line":73,"column":56}},"26":{"start":{"line":75,"column":4},"end":{"line":75,"column":26}},"27":{"start":{"line":77,"column":4},"end":{"line":77,"column":49}},"28":{"start":{"line":78,"column":4},"end":{"line":78,"column":16}},"29":{"start":{"line":90,"column":2},"end":{"line":100,"column":3}},"30":{"start":{"line":91,"column":18},"end":{"line":91,"column":54}},"31":{"start":{"line":92,"column":19},"end":{"line":92,"column":23}},"32":{"start":{"line":93,"column":19},"end":{"line":93,"column":52}},"33":{"start":{"line":94,"column":4},"end":{"line":96,"column":5}},"34":{"start":{"line":95,"column":6},"end":{"line":95,"column":56}},"35":{"start":{"line":98,"column":4},"end":{"line":98,"column":49}},"36":{"start":{"line":99,"column":4},"end":{"line":99,"column":16}},"37":{"start":{"line":102,"column":0},"end":{"line":108,"column":2}}},"fnMap":{"0":{"name":"getAllProducts","decl":{"start":{"line":8,"column":15},"end":{"line":8,"column":29}},"loc":{"start":{"line":8,"column":45},"end":{"line":16,"column":1}},"line":8},"1":{"name":"getProductById","decl":{"start":{"line":24,"column":15},"end":{"line":24,"column":29}},"loc":{"start":{"line":24,"column":49},"end":{"line":34,"column":1}},"line":24},"2":{"name":"createProduct","decl":{"start":{"line":44,"column":15},"end":{"line":44,"column":28}},"loc":{"start":{"line":44,"column":70},"end":{"line":55,"column":1}},"line":44},"3":{"name":"updateProduct","decl":{"start":{"line":66,"column":15},"end":{"line":66,"column":28}},"loc":{"start":{"line":66,"column":74},"end":{"line":80,"column":1}},"line":66},"4":{"name":"deleteProduct","decl":{"start":{"line":89,"column":15},"end":{"line":89,"column":28}},"loc":{"start":{"line":89,"column":48},"end":{"line":101,"column":1}},"line":89}},"branchMap":{"0":{"loc":{"start":{"line":8,"column":30},"end":{"line":8,"column":43}},"type":"default-arg","locations":[{"start":{"line":8,"column":39},"end":{"line":8,"column":43}}],"line":8},"1":{"loc":{"start":{"line":24,"column":34},"end":{"line":24,"column":47}},"type":"default-arg","locations":[{"start":{"line":24,"column":43},"end":{"line":24,"column":47}}],"line":24},"2":{"loc":{"start":{"line":29,"column":11},"end":{"line":29,"column":33}},"type":"binary-expr","locations":[{"start":{"line":29,"column":11},"end":{"line":29,"column":25}},{"start":{"line":29,"column":29},"end":{"line":29,"column":33}}],"line":29},"3":{"loc":{"start":{"line":44,"column":55},"end":{"line":44,"column":68}},"type":"default-arg","locations":[{"start":{"line":44,"column":64},"end":{"line":44,"column":68}}],"line":44},"4":{"loc":{"start":{"line":66,"column":59},"end":{"line":66,"column":72}},"type":"default-arg","locations":[{"start":{"line":66,"column":68},"end":{"line":66,"column":72}}],"line":66},"5":{"loc":{"start":{"line":72,"column":4},"end":{"line":74,"column":5}},"type":"if","locations":[{"start":{"line":72,"column":4},"end":{"line":74,"column":5}},{"start":{},"end":{}}],"line":72},"6":{"loc":{"start":{"line":89,"column":33},"end":{"line":89,"column":46}},"type":"default-arg","locations":[{"start":{"line":89,"column":42},"end":{"line":89,"column":46}}],"line":89},"7":{"loc":{"start":{"line":94,"column":4},"end":{"line":96,"column":5}},"type":"if","locations":[{"start":{"line":94,"column":4},"end":{"line":96,"column":5}},{"start":{},"end":{}}],"line":94}},"s":{"0":1,"1":0,"2":0,"3":0,"4":0,"5":0,"6":3,"7":3,"8":3,"9":3,"10":3,"11":0,"12":0,"13":10,"14":10,"15":10,"16":10,"17":10,"18":0,"19":0,"20":0,"21":0,"22":0,"23":0,"24":0,"25":0,"26":0,"27":0,"28":0,"29":0,"30":0,"31":0,"32":0,"33":0,"34":0,"35":0,"36":0,"37":1},"f":{"0":0,"1":3,"2":10,"3":0,"4":0},"b":{"0":[0],"1":[3],"2":[3,1],"3":[10],"4":[0],"5":[0,0],"6":[0],"7":[0,0]},"_coverageSchema":"1a1c01bbd47fc00a2c39e90264f33305004495a9","hash":"9f99dc722e49fda29789e3611cadbb8177206d37"}
,"C:\\Users\\Eduardo\\Desktop\\AlphaED\\Testes\\ex2\\discountopia\\src\\repositories\\users.js": {"path":"C:\\Users\\Eduardo\\Desktop\\AlphaED\\Testes\\ex2\\discountopia\\src\\repositories\\users.js","statementMap":{"0":{"start":{"line":1,"column":17},"end":{"line":1,"column":36}},"1":{"start":{"line":9,"column":2},"end":{"line":15,"column":3}},"2":{"start":{"line":10,"column":19},"end":{"line":10,"column":60}},"3":{"start":{"line":11,"column":4},"end":{"line":11,"column":23}},"4":{"start":{"line":13,"column":4},"end":{"line":13,"column":47}},"5":{"start":{"line":14,"column":4},"end":{"line":14,"column":16}},"6":{"start":{"line":25,"column":2},"end":{"line":33,"column":3}},"7":{"start":{"line":26,"column":18},"end":{"line":26,"column":53}},"8":{"start":{"line":27,"column":19},"end":{"line":27,"column":23}},"9":{"start":{"line":28,"column":19},"end":{"line":28,"column":52}},"10":{"start":{"line":29,"column":4},"end":{"line":29,"column":34}},"11":{"start":{"line":31,"column":4},"end":{"line":31,"column":47}},"12":{"start":{"line":32,"column":4},"end":{"line":32,"column":16}},"13":{"start":{"line":45,"column":2},"end":{"line":54,"column":3}},"14":{"start":{"line":47,"column":6},"end":{"line":47,"column":81}},"15":{"start":{"line":48,"column":19},"end":{"line":48,"column":42}},"16":{"start":{"line":49,"column":19},"end":{"line":49,"column":52}},"17":{"start":{"line":50,"column":4},"end":{"line":50,"column":26}},"18":{"start":{"line":52,"column":4},"end":{"line":52,"column":46}},"19":{"start":{"line":53,"column":4},"end":{"line":53,"column":16}},"20":{"start":{"line":68,"column":2},"end":{"line":80,"column":3}},"21":{"start":{"line":70,"column":6},"end":{"line":70,"column":101}},"22":{"start":{"line":71,"column":19},"end":{"line":71,"column":55}},"23":{"start":{"line":72,"column":19},"end":{"line":72,"column":52}},"24":{"start":{"line":73,"column":4},"end":{"line":75,"column":5}},"25":{"start":{"line":74,"column":6},"end":{"line":74,"column":53}},"26":{"start":{"line":76,"column":4},"end":{"line":76,"column":26}},"27":{"start":{"line":78,"column":4},"end":{"line":78,"column":46}},"28":{"start":{"line":79,"column":4},"end":{"line":79,"column":16}},"29":{"start":{"line":90,"column":2},"end":{"line":100,"column":3}},"30":{"start":{"line":91,"column":18},"end":{"line":91,"column":51}},"31":{"start":{"line":92,"column":19},"end":{"line":92,"column":23}},"32":{"start":{"line":93,"column":19},"end":{"line":93,"column":52}},"33":{"start":{"line":94,"column":4},"end":{"line":96,"column":5}},"34":{"start":{"line":95,"column":6},"end":{"line":95,"column":53}},"35":{"start":{"line":98,"column":4},"end":{"line":98,"column":46}},"36":{"start":{"line":99,"column":4},"end":{"line":99,"column":16}},"37":{"start":{"line":103,"column":0},"end":{"line":109,"column":2}}},"fnMap":{"0":{"name":"getAllUsers","decl":{"start":{"line":8,"column":15},"end":{"line":8,"column":26}},"loc":{"start":{"line":8,"column":42},"end":{"line":16,"column":1}},"line":8},"1":{"name":"getUserById","decl":{"start":{"line":24,"column":15},"end":{"line":24,"column":26}},"loc":{"start":{"line":24,"column":46},"end":{"line":34,"column":1}},"line":24},"2":{"name":"createUser","decl":{"start":{"line":44,"column":15},"end":{"line":44,"column":25}},"loc":{"start":{"line":44,"column":64},"end":{"line":55,"column":1}},"line":44},"3":{"name":"updateUser","decl":{"start":{"line":67,"column":15},"end":{"line":67,"column":25}},"loc":{"start":{"line":67,"column":77},"end":{"line":81,"column":1}},"line":67},"4":{"name":"deleteUser","decl":{"start":{"line":89,"column":15},"end":{"line":89,"column":25}},"loc":{"start":{"line":89,"column":45},"end":{"line":101,"column":1}},"line":89}},"branchMap":{"0":{"loc":{"start":{"line":8,"column":27},"end":{"line":8,"column":40}},"type":"default-arg","locations":[{"start":{"line":8,"column":36},"end":{"line":8,"column":40}}],"line":8},"1":{"loc":{"start":{"line":24,"column":31},"end":{"line":24,"column":44}},"type":"default-arg","locations":[{"start":{"line":24,"column":40},"end":{"line":24,"column":44}}],"line":24},"2":{"loc":{"start":{"line":29,"column":11},"end":{"line":29,"column":33}},"type":"binary-expr","locations":[{"start":{"line":29,"column":11},"end":{"line":29,"column":25}},{"start":{"line":29,"column":29},"end":{"line":29,"column":33}}],"line":29},"3":{"loc":{"start":{"line":44,"column":49},"end":{"line":44,"column":62}},"type":"default-arg","locations":[{"start":{"line":44,"column":58},"end":{"line":44,"column":62}}],"line":44},"4":{"loc":{"start":{"line":67,"column":62},"end":{"line":67,"column":75}},"type":"default-arg","locations":[{"start":{"line":67,"column":71},"end":{"line":67,"column":75}}],"line":67},"5":{"loc":{"start":{"line":73,"column":4},"end":{"line":75,"column":5}},"type":"if","locations":[{"start":{"line":73,"column":4},"end":{"line":75,"column":5}},{"start":{},"end":{}}],"line":73},"6":{"loc":{"start":{"line":89,"column":30},"end":{"line":89,"column":43}},"type":"default-arg","locations":[{"start":{"line":89,"column":39},"end":{"line":89,"column":43}}],"line":89},"7":{"loc":{"start":{"line":94,"column":4},"end":{"line":96,"column":5}},"type":"if","locations":[{"start":{"line":94,"column":4},"end":{"line":96,"column":5}},{"start":{},"end":{}}],"line":94}},"s":{"0":1,"1":0,"2":0,"3":0,"4":0,"5":0,"6":0,"7":0,"8":0,"9":0,"10":0,"11":0,"12":0,"13":11,"14":11,"15":11,"16":11,"17":11,"18":0,"19":0,"20":0,"21":0,"22":0,"23":0,"24":0,"25":0,"26":0,"27":0,"28":0,"29":0,"30":0,"31":0,"32":0,"33":0,"34":0,"35":0,"36":0,"37":1},"f":{"0":0,"1":0,"2":11,"3":0,"4":0},"b":{"0":[0],"1":[0],"2":[0,0],"3":[11],"4":[0],"5":[0,0],"6":[0],"7":[0,0]},"_coverageSchema":"1a1c01bbd47fc00a2c39e90264f33305004495a9","hash":"14ef041722a36fe8ec8868c311a40701034a68be"}
,"C:\\Users\\Eduardo\\Desktop\\AlphaED\\Testes\\ex2\\discountopia\\src\\routers\\orders.js": {"path":"C:\\Users\\Eduardo\\Desktop\\AlphaED\\Testes\\ex2\\discountopia\\src\\routers\\orders.js","statementMap":{"0":{"start":{"line":1,"column":19},"end":{"line":1,"column":37}},"1":{"start":{"line":2,"column":25},"end":{"line":2,"column":65}},"2":{"start":{"line":3,"column":25},"end":{"line":3,"column":57}},"3":{"start":{"line":5,"column":15},"end":{"line":5,"column":23}},"4":{"start":{"line":8,"column":0},"end":{"line":12,"column":2}},"5":{"start":{"line":15,"column":0},"end":{"line":19,"column":2}},"6":{"start":{"line":22,"column":0},"end":{"line":26,"column":2}},"7":{"start":{"line":29,"column":0},"end":{"line":33,"column":2}},"8":{"start":{"line":35,"column":0},"end":{"line":35,"column":24}}},"fnMap":{},"branchMap":{},"s":{"0":1,"1":1,"2":1,"3":1,"4":1,"5":1,"6":1,"7":1,"8":1},"f":{},"b":{},"_coverageSchema":"1a1c01bbd47fc00a2c39e90264f33305004495a9","hash":"82ec7fcf214636bf42a8c13a9bfb0296a4953b41"}
,"C:\\Users\\Eduardo\\Desktop\\AlphaED\\Testes\\ex2\\discountopia\\src\\services\\orders.js": {"path":"C:\\Users\\Eduardo\\Desktop\\AlphaED\\Testes\\ex2\\discountopia\\src\\services\\orders.js","statementMap":{"0":{"start":{"line":1,"column":24},"end":{"line":1,"column":44}},"1":{"start":{"line":2,"column":23},"end":{"line":2,"column":60}},"2":{"start":{"line":3,"column":19},"end":{"line":3,"column":52}},"3":{"start":{"line":4,"column":21},"end":{"line":4,"column":56}},"4":{"start":{"line":5,"column":33},"end":{"line":5,"column":80}},"5":{"start":{"line":6,"column":27},"end":{"line":6,"column":68}},"6":{"start":{"line":7,"column":26},"end":{"line":7,"column":66}},"7":{"start":{"line":8,"column":42},"end":{"line":8,"column":66}},"8":{"start":{"line":15,"column":16},"end":{"line":15,"column":55}},"9":{"start":{"line":17,"column":2},"end":{"line":19,"column":3}},"10":{"start":{"line":18,"column":4},"end":{"line":18,"column":74}},"11":{"start":{"line":21,"column":2},"end":{"line":26,"column":3}},"12":{"start":{"line":22,"column":4},"end":{"line":25,"column":6}},"13":{"start":{"line":28,"column":2},"end":{"line":28,"column":57}},"14":{"start":{"line":38,"column":16},"end":{"line":38,"column":55}},"15":{"start":{"line":40,"column":2},"end":{"line":42,"column":3}},"16":{"start":{"line":41,"column":4},"end":{"line":41,"column":74}},"17":{"start":{"line":44,"column":18},"end":{"line":44,"column":63}},"18":{"start":{"line":46,"column":2},"end":{"line":48,"column":3}},"19":{"start":{"line":47,"column":4},"end":{"line":47,"column":78}},"20":{"start":{"line":50,"column":2},"end":{"line":55,"column":3}},"21":{"start":{"line":51,"column":4},"end":{"line":54,"column":6}},"22":{"start":{"line":57,"column":21},"end":{"line":57,"column":74}},"23":{"start":{"line":59,"column":25},"end":{"line":61,"column":3}},"24":{"start":{"line":60,"column":19},"end":{"line":60,"column":54}},"25":{"start":{"line":63,"column":2},"end":{"line":68,"column":3}},"26":{"start":{"line":64,"column":4},"end":{"line":67,"column":6}},"27":{"start":{"line":70,"column":2},"end":{"line":70,"column":71}},"28":{"start":{"line":79,"column":16},"end":{"line":79,"column":55}},"29":{"start":{"line":81,"column":2},"end":{"line":83,"column":3}},"30":{"start":{"line":82,"column":4},"end":{"line":82,"column":74}},"31":{"start":{"line":85,"column":2},"end":{"line":90,"column":3}},"32":{"start":{"line":86,"column":4},"end":{"line":89,"column":6}},"33":{"start":{"line":92,"column":24},"end":{"line":94,"column":3}},"34":{"start":{"line":96,"column":2},"end":{"line":96,"column":23}},"35":{"start":{"line":109,"column":0},"end":{"line":114,"column":2}}},"fnMap":{"0":{"name":"getOrderItemsByOrderId","decl":{"start":{"line":14,"column":15},"end":{"line":14,"column":37}},"loc":{"start":{"line":14,"column":57},"end":{"line":29,"column":1}},"line":14},"1":{"name":"updateOrderItem","decl":{"start":{"line":37,"column":15},"end":{"line":37,"column":30}},"loc":{"start":{"line":37,"column":72},"end":{"line":71,"column":1}},"line":37},"2":{"name":"(anonymous_2)","decl":{"start":{"line":60,"column":4},"end":{"line":60,"column":5}},"loc":{"start":{"line":60,"column":19},"end":{"line":60,"column":54}},"line":60},"3":{"name":"getOrderDiscountCodesByOrderId","decl":{"start":{"line":78,"column":15},"end":{"line":78,"column":45}},"loc":{"start":{"line":78,"column":65},"end":{"line":97,"column":1}},"line":78},"4":{"name":"addOrderDiscountCodeToOrderByCode","decl":{"start":{"line":105,"column":15},"end":{"line":105,"column":48}},"loc":{"start":{"line":105,"column":74},"end":{"line":107,"column":1}},"line":105}},"branchMap":{"0":{"loc":{"start":{"line":17,"column":2},"end":{"line":19,"column":3}},"type":"if","locations":[{"start":{"line":17,"column":2},"end":{"line":19,"column":3}},{"start":{},"end":{}}],"line":17},"1":{"loc":{"start":{"line":21,"column":2},"end":{"line":26,"column":3}},"type":"if","locations":[{"start":{"line":21,"column":2},"end":{"line":26,"column":3}},{"start":{},"end":{}}],"line":21},"2":{"loc":{"start":{"line":40,"column":2},"end":{"line":42,"column":3}},"type":"if","locations":[{"start":{"line":40,"column":2},"end":{"line":42,"column":3}},{"start":{},"end":{}}],"line":40},"3":{"loc":{"start":{"line":46,"column":2},"end":{"line":48,"column":3}},"type":"if","locations":[{"start":{"line":46,"column":2},"end":{"line":48,"column":3}},{"start":{},"end":{}}],"line":46},"4":{"loc":{"start":{"line":50,"column":2},"end":{"line":55,"column":3}},"type":"if","locations":[{"start":{"line":50,"column":2},"end":{"line":55,"column":3}},{"start":{},"end":{}}],"line":50},"5":{"loc":{"start":{"line":63,"column":2},"end":{"line":68,"column":3}},"type":"if","locations":[{"start":{"line":63,"column":2},"end":{"line":68,"column":3}},{"start":{},"end":{}}],"line":63},"6":{"loc":{"start":{"line":81,"column":2},"end":{"line":83,"column":3}},"type":"if","locations":[{"start":{"line":81,"column":2},"end":{"line":83,"column":3}},{"start":{},"end":{}}],"line":81},"7":{"loc":{"start":{"line":85,"column":2},"end":{"line":90,"column":3}},"type":"if","locations":[{"start":{"line":85,"column":2},"end":{"line":90,"column":3}},{"start":{},"end":{}}],"line":85}},"s":{"0":1,"1":1,"2":1,"3":1,"4":1,"5":1,"6":1,"7":1,"8":3,"9":3,"10":1,"11":2,"12":1,"13":1,"14":4,"15":4,"16":1,"17":3,"18":3,"19":1,"20":2,"21":1,"22":1,"23":1,"24":1,"25":1,"26":1,"27":0,"28":0,"29":0,"30":0,"31":0,"32":0,"33":0,"34":0,"35":1},"f":{"0":3,"1":4,"2":1,"3":0,"4":0},"b":{"0":[1,2],"1":[1,1],"2":[1,3],"3":[1,2],"4":[1,1],"5":[1,0],"6":[0,0],"7":[0,0]},"_coverageSchema":"1a1c01bbd47fc00a2c39e90264f33305004495a9","hash":"250afa2178e7f0cf527c318ce948d7862dc1d5dc"}
}
