TN:
SF:__tests__\helpers\index.js
FN:9,createDatabaseFromSchema
FN:15,eraseDatabase
FN:24,disconnectDatabase
FN:32,generateAuthorizationHeaderForUser
FNF:4
FNH:4
FNDA:14,createDatabaseFromSchema
FNDA:15,eraseDatabase
FNDA:1,disconnectDatabase
FNDA:11,generateAuthorizationHeaderForUser
DA:1,1
DA:2,1
DA:4,1
DA:10,14
DA:16,15
DA:25,1
DA:34,11
DA:36,11
DA:39,1
LF:9
LH:9
BRDA:34,0,0,11
BRDA:34,0,1,0
BRF:2
BRH:1
end_of_record
TN:
SF:src\app.js
FNF:0
FNH:0
DA:1,1
DA:3,1
DA:5,1
DA:6,1
DA:8,1
DA:11,1
DA:12,1
DA:15,1
DA:18,1
DA:20,1
LF:10
LH:10
BRF:0
BRH:0
end_of_record
TN:
SF:src\errors.js
FN:27,createError
FNF:1
FNH:1
FNDA:16,createError
DA:10,1
DA:28,16
DA:31,1
LF:3
LH:3
BRF:0
BRH:0
end_of_record
TN:
SF:src\validators.js
FN:8,validatePositiveIntegerNumber
FN:19,validatePositiveNumber
FN:31,validateIntegerNumber
FN:43,validateNumber
FN:54,validateString
FNF:5
FNH:4
FNDA:28,validatePositiveIntegerNumber
FNDA:24,validatePositiveNumber
FNDA:28,validateIntegerNumber
FNDA:52,validateNumber
FNDA:0,validateString
DA:1,1
DA:9,28
DA:10,24
DA:20,24
DA:21,24
DA:22,3
DA:32,28
DA:33,28
DA:34,4
DA:44,52
DA:45,0
DA:55,0
DA:56,0
DA:60,1
LF:14
LH:11
BRDA:21,0,0,3
BRDA:21,0,1,21
BRDA:33,1,0,4
BRDA:33,1,1,24
BRDA:44,2,0,0
BRDA:44,2,1,52
BRDA:55,3,0,0
BRDA:55,3,1,0
BRF:8
BRH:5
end_of_record
TN:
SF:src\controllers\orders.js
FN:9,getOrderItemsByOrderId
FN:31,updateOrderItem
FN:54,getOrderDiscountCodesByOrderId
FN:75,addOrderDiscountCodeToOrderByCode
FNF:4
FNH:2
FNDA:4,getOrderItemsByOrderId
FNDA:10,updateOrderItem
FNDA:0,getOrderDiscountCodesByOrderId
FNDA:0,addOrderDiscountCodeToOrderByCode
DA:1,1
DA:2,1
DA:10,4
DA:11,4
DA:13,4
DA:15,3
DA:20,1
DA:32,10
DA:33,10
DA:34,10
DA:35,10
DA:37,10
DA:38,8
DA:39,6
DA:41,4
DA:43,0
DA:55,0
DA:56,0
DA:58,0
DA:60,0
DA:65,0
DA:78,0
DA:82,1
LF:23
LH:16
BRF:0
BRH:0
end_of_record
TN:
SF:src\db\db.js
FN:5,(anonymous_0)
FN:14,(anonymous_1)
FNF:2
FNH:2
FNDA:23,(anonymous_0)
FNDA:3926,(anonymous_1)
DA:1,1
DA:2,1
DA:5,23
DA:7,1
DA:13,1
DA:15,3926
DA:16,1
DA:25,3926
DA:32,1
DA:34,1
LF:10
LH:10
BRDA:15,0,0,1
BRDA:15,0,1,3925
BRF:2
BRH:2
end_of_record
TN:
SF:src\middlewares\authentication.js
FN:12,authenticate
FNF:1
FNH:1
FNDA:17,authenticate
DA:1,1
DA:2,1
DA:4,1
DA:13,17
DA:14,17
DA:15,2
DA:21,15
DA:22,15
DA:23,0
DA:29,15
DA:32,15
DA:34,14
DA:35,14
DA:37,1
DA:44,1
LF:15
LH:14
BRDA:14,0,0,2
BRDA:14,0,1,15
BRDA:22,1,0,0
BRDA:22,1,1,15
BRDA:32,2,0,15
BRDA:32,2,1,0
BRF:6
BRH:4
end_of_record
TN:
SF:src\middlewares\errorHandler.js
FN:10,handleAllErrors
FNF:1
FNH:1
FNDA:13,handleAllErrors
DA:1,1
DA:12,13
DA:19,0
DA:26,0
DA:30,13
DA:34,13
DA:40,1
LF:7
LH:5
BRDA:12,0,0,0
BRDA:12,0,1,13
BRDA:13,1,0,13
BRDA:13,1,1,13
BRDA:13,1,2,13
BRDA:13,1,3,13
BRDA:13,1,4,13
BRF:7
BRH:6
end_of_record
TN:
SF:src\repositories\applicableCategories.js
FN:9,getApplicableCategoriesByDiscountCodeId
FN:36,addApplicableCategory
FN:59,removeApplicableCategory
FNF:3
FNH:0
FNDA:0,getApplicableCategoriesByDiscountCodeId
FNDA:0,addApplicableCategory
FNDA:0,removeApplicableCategory
DA:1,1
DA:13,0
DA:14,0
DA:20,0
DA:21,0
DA:22,0
DA:24,0
DA:25,0
DA:41,0
DA:43,0
DA:44,0
DA:45,0
DA:47,0
DA:48,0
DA:64,0
DA:66,0
DA:67,0
DA:68,0
DA:69,0
DA:70,0
DA:75,0
DA:76,0
DA:80,1
LF:23
LH:2
BRDA:11,0,0,0
BRDA:39,1,0,0
BRDA:62,2,0,0
BRDA:69,3,0,0
BRDA:69,3,1,0
BRF:5
BRH:0
end_of_record
TN:
SF:src\repositories\categories.js
FN:8,getAllCategories
FN:24,getCategoryById
FN:42,createCategory
FN:61,updateCategory
FN:82,deleteCategory
FNF:5
FNH:1
FNDA:0,getAllCategories
FNDA:0,getCategoryById
FNDA:9,createCategory
FNDA:0,updateCategory
FNDA:0,deleteCategory
DA:1,1
DA:9,0
DA:10,0
DA:11,0
DA:13,0
DA:14,0
DA:25,0
DA:26,0
DA:27,0
DA:28,0
DA:29,0
DA:31,0
DA:32,0
DA:43,9
DA:44,9
DA:45,9
DA:46,9
DA:47,9
DA:49,0
DA:50,0
DA:62,0
DA:63,0
DA:64,0
DA:65,0
DA:66,0
DA:67,0
DA:69,0
DA:71,0
DA:72,0
DA:83,0
DA:84,0
DA:85,0
DA:86,0
DA:87,0
DA:88,0
DA:91,0
DA:92,0
DA:96,1
LF:38
LH:7
BRDA:8,0,0,0
BRDA:24,1,0,0
BRDA:29,2,0,0
BRDA:29,2,1,0
BRDA:42,3,0,9
BRDA:61,4,0,0
BRDA:66,5,0,0
BRDA:66,5,1,0
BRDA:82,6,0,0
BRDA:87,7,0,0
BRDA:87,7,1,0
BRF:11
BRH:1
end_of_record
TN:
SF:src\repositories\discountCodes.js
FN:8,getAllDiscountCodes
FN:24,getDiscountCodeById
FN:42,getDiscountCodeByCode
FN:64,createDiscountCode
FN:95,updateDiscountCode
FN:126,deleteDiscountCode
FNF:6
FNH:0
FNDA:0,getAllDiscountCodes
FNDA:0,getDiscountCodeById
FNDA:0,getDiscountCodeByCode
FNDA:0,createDiscountCode
FNDA:0,updateDiscountCode
FNDA:0,deleteDiscountCode
DA:1,1
DA:9,0
DA:10,0
DA:11,0
DA:13,0
DA:14,0
DA:25,0
DA:26,0
DA:27,0
DA:28,0
DA:29,0
DA:31,0
DA:32,0
DA:43,0
DA:44,0
DA:45,0
DA:46,0
DA:47,0
DA:49,0
DA:50,0
DA:72,0
DA:74,0
DA:75,0
DA:76,0
DA:77,0
DA:79,0
DA:80,0
DA:104,0
DA:106,0
DA:107,0
DA:108,0
DA:109,0
DA:110,0
DA:114,0
DA:116,0
DA:117,0
DA:127,0
DA:128,0
DA:129,0
DA:130,0
DA:131,0
DA:132,0
DA:137,0
DA:138,0
DA:142,1
LF:45
LH:2
BRDA:8,0,0,0
BRDA:24,1,0,0
BRDA:29,2,0,0
BRDA:29,2,1,0
BRDA:42,3,0,0
BRDA:47,4,0,0
BRDA:47,4,1,0
BRDA:70,5,0,0
BRDA:102,6,0,0
BRDA:109,7,0,0
BRDA:109,7,1,0
BRDA:126,8,0,0
BRDA:131,9,0,0
BRDA:131,9,1,0
BRF:14
BRH:0
end_of_record
TN:
SF:src\repositories\orderDiscounts.js
FN:10,addDiscountCodeToOrder
FN:33,removeDiscountCodeFromOrder
FN:60,getOrderDiscountCodesByOrderId
FN:83,getOrderDiscountCodesByUserId
FNF:4
FNH:0
FNDA:0,addDiscountCodeToOrder
FNDA:0,removeDiscountCodeFromOrder
FNDA:0,getOrderDiscountCodesByOrderId
FNDA:0,getOrderDiscountCodesByUserId
DA:1,1
DA:15,0
DA:17,0
DA:18,0
DA:19,0
DA:21,0
DA:22,0
DA:38,0
DA:40,0
DA:41,0
DA:42,0
DA:43,0
DA:44,0
DA:49,0
DA:50,0
DA:61,0
DA:62,0
DA:68,0
DA:69,0
DA:70,0
DA:72,0
DA:73,0
DA:84,0
DA:85,0
DA:92,0
DA:93,0
DA:94,0
DA:96,0
DA:97,0
DA:102,1
LF:30
LH:2
BRDA:13,0,0,0
BRDA:36,1,0,0
BRDA:43,2,0,0
BRDA:43,2,1,0
BRDA:60,3,0,0
BRDA:83,4,0,0
BRF:6
BRH:0
end_of_record
TN:
SF:src\repositories\orderItems.js
FN:8,getAllOrderItems
FN:24,getOrderItemsByOrderId
FN:44,getOrderItemsWithProductInformationByOrderId
FN:78,createOrderItem
FN:101,updateOrderItem
FN:131,deleteOrderItem
FNF:6
FNH:2
FNDA:0,getAllOrderItems
FNDA:2,getOrderItemsByOrderId
FNDA:0,getOrderItemsWithProductInformationByOrderId
FNDA:9,createOrderItem
FNDA:0,updateOrderItem
FNDA:0,deleteOrderItem
DA:1,1
DA:9,0
DA:10,0
DA:11,0
DA:13,0
DA:14,0
DA:25,2
DA:26,2
DA:27,2
DA:28,2
DA:29,2
DA:31,0
DA:32,0
DA:48,0
DA:49,0
DA:61,0
DA:62,0
DA:63,0
DA:65,0
DA:66,0
DA:79,9
DA:80,9
DA:84,9
DA:85,9
DA:86,9
DA:88,0
DA:89,0
DA:102,0
DA:103,0
DA:109,0
DA:110,0
DA:111,0
DA:112,0
DA:113,0
DA:117,0
DA:119,0
DA:120,0
DA:132,0
DA:134,0
DA:135,0
DA:136,0
DA:137,0
DA:138,0
DA:143,0
DA:144,0
DA:148,1
LF:46
LH:12
BRDA:8,0,0,0
BRDA:24,1,0,2
BRDA:46,2,0,0
BRDA:78,3,0,9
BRDA:101,4,0,0
BRDA:112,5,0,0
BRDA:112,5,1,0
BRDA:131,6,0,0
BRDA:137,7,0,0
BRDA:137,7,1,0
BRF:10
BRH:2
end_of_record
TN:
SF:src\repositories\orders.js
FN:8,getAllOrders
FN:24,getOrderById
FN:43,createOrder
FN:66,updateOrder
FN:92,deleteOrder
FNF:5
FNH:2
FNDA:0,getAllOrders
FNDA:7,getOrderById
FNDA:9,createOrder
FNDA:0,updateOrder
FNDA:0,deleteOrder
DA:1,1
DA:9,0
DA:10,0
DA:11,0
DA:13,0
DA:14,0
DA:25,7
DA:26,7
DA:27,7
DA:28,7
DA:29,7
DA:31,0
DA:32,0
DA:44,9
DA:45,9
DA:50,9
DA:51,9
DA:52,9
DA:54,0
DA:55,0
DA:67,0
DA:68,0
DA:74,0
DA:75,0
DA:76,0
DA:77,0
DA:79,0
DA:81,0
DA:82,0
DA:93,0
DA:94,0
DA:95,0
DA:96,0
DA:97,0
DA:98,0
DA:101,0
DA:102,0
DA:106,1
LF:38
LH:12
BRDA:8,0,0,0
BRDA:24,1,0,7
BRDA:29,2,0,7
BRDA:29,2,1,2
BRDA:43,3,0,9
BRDA:66,4,0,0
BRDA:76,5,0,0
BRDA:76,5,1,0
BRDA:92,6,0,0
BRDA:97,7,0,0
BRDA:97,7,1,0
BRF:11
BRH:4
end_of_record
TN:
SF:src\repositories\products.js
FN:8,getAllProducts
FN:24,getProductById
FN:44,createProduct
FN:66,updateProduct
FN:89,deleteProduct
FNF:5
FNH:2
FNDA:0,getAllProducts
FNDA:3,getProductById
FNDA:10,createProduct
FNDA:0,updateProduct
FNDA:0,deleteProduct
DA:1,1
DA:9,0
DA:10,0
DA:11,0
DA:13,0
DA:14,0
DA:25,3
DA:26,3
DA:27,3
DA:28,3
DA:29,3
DA:31,0
DA:32,0
DA:45,10
DA:47,10
DA:48,10
DA:49,10
DA:50,10
DA:52,0
DA:53,0
DA:67,0
DA:69,0
DA:70,0
DA:71,0
DA:72,0
DA:73,0
DA:75,0
DA:77,0
DA:78,0
DA:90,0
DA:91,0
DA:92,0
DA:93,0
DA:94,0
DA:95,0
DA:98,0
DA:99,0
DA:102,1
LF:38
LH:12
BRDA:8,0,0,0
BRDA:24,1,0,3
BRDA:29,2,0,3
BRDA:29,2,1,1
BRDA:44,3,0,10
BRDA:66,4,0,0
BRDA:72,5,0,0
BRDA:72,5,1,0
BRDA:89,6,0,0
BRDA:94,7,0,0
BRDA:94,7,1,0
BRF:11
BRH:4
end_of_record
TN:
SF:src\repositories\users.js
FN:8,getAllUsers
FN:24,getUserById
FN:44,createUser
FN:67,updateUser
FN:89,deleteUser
FNF:5
FNH:1
FNDA:0,getAllUsers
FNDA:0,getUserById
FNDA:11,createUser
FNDA:0,updateUser
FNDA:0,deleteUser
DA:1,1
DA:9,0
DA:10,0
DA:11,0
DA:13,0
DA:14,0
DA:25,0
DA:26,0
DA:27,0
DA:28,0
DA:29,0
DA:31,0
DA:32,0
DA:45,11
DA:47,11
DA:48,11
DA:49,11
DA:50,11
DA:52,0
DA:53,0
DA:68,0
DA:70,0
DA:71,0
DA:72,0
DA:73,0
DA:74,0
DA:76,0
DA:78,0
DA:79,0
DA:90,0
DA:91,0
DA:92,0
DA:93,0
DA:94,0
DA:95,0
DA:98,0
DA:99,0
DA:103,1
LF:38
LH:7
BRDA:8,0,0,0
BRDA:24,1,0,0
BRDA:29,2,0,0
BRDA:29,2,1,0
BRDA:44,3,0,11
BRDA:67,4,0,0
BRDA:73,5,0,0
BRDA:73,5,1,0
BRDA:89,6,0,0
BRDA:94,7,0,0
BRDA:94,7,1,0
BRF:11
BRH:1
end_of_record
TN:
SF:src\routers\orders.js
FNF:0
FNH:0
DA:1,1
DA:2,1
DA:3,1
DA:5,1
DA:8,1
DA:15,1
DA:22,1
DA:29,1
DA:35,1
LF:9
LH:9
BRF:0
BRH:0
end_of_record
TN:
SF:src\services\orders.js
FN:14,getOrderItemsByOrderId
FN:37,updateOrderItem
FN:60,(anonymous_2)
FN:78,getOrderDiscountCodesByOrderId
FN:105,addOrderDiscountCodeToOrderByCode
FNF:5
FNH:3
FNDA:3,getOrderItemsByOrderId
FNDA:4,updateOrderItem
FNDA:1,(anonymous_2)
FNDA:0,getOrderDiscountCodesByOrderId
FNDA:0,addOrderDiscountCodeToOrderByCode
DA:1,1
DA:2,1
DA:3,1
DA:4,1
DA:5,1
DA:6,1
DA:7,1
DA:8,1
DA:15,3
DA:17,3
DA:18,1
DA:21,2
DA:22,1
DA:28,1
DA:38,4
DA:40,4
DA:41,1
DA:44,3
DA:46,3
DA:47,1
DA:50,2
DA:51,1
DA:57,1
DA:59,1
DA:60,1
DA:63,1
DA:64,1
DA:70,0
DA:79,0
DA:81,0
DA:82,0
DA:85,0
DA:86,0
DA:92,0
DA:96,0
DA:109,1
LF:36
LH:28
BRDA:17,0,0,1
BRDA:17,0,1,2
BRDA:21,1,0,1
BRDA:21,1,1,1
BRDA:40,2,0,1
BRDA:40,2,1,3
BRDA:46,3,0,1
BRDA:46,3,1,2
BRDA:50,4,0,1
BRDA:50,4,1,1
BRDA:63,5,0,1
BRDA:63,5,1,0
BRDA:81,6,0,0
BRDA:81,6,1,0
BRDA:85,7,0,0
BRDA:85,7,1,0
BRF:16
BRH:11
end_of_record
