TN:
SF:__tests__\helpers\index.js
FN:9,createDatabaseFromSchema
FN:15,eraseDatabase
FN:24,disconnectDatabase
FN:32,generateAuthorizationHeaderForUser
FNF:4
FNH:4
FNDA:25,createDatabaseFromSchema
FNDA:26,eraseDatabase
FNDA:1,disconnectDatabase
FNDA:21,generateAuthorizationHeaderForUser
DA:1,1
DA:2,1
DA:4,1
DA:10,25
DA:16,26
DA:25,1
DA:34,21
DA:36,21
DA:39,1
LF:9
LH:9
BRDA:34,0,0,21
BRDA:34,0,1,0
BRF:2
BRH:1
end_of_record
TN:
SF:src\app.js
FNF:0
FNH:0
DA:1,1
DA:3,1
DA:5,1
DA:6,1
DA:8,1
DA:11,1
DA:12,1
DA:15,1
DA:18,1
DA:20,1
LF:10
LH:10
BRF:0
BRH:0
end_of_record
TN:
SF:src\errors.js
FN:27,createError
FNF:1
FNH:1
FNDA:29,createError
DA:10,1
DA:28,29
DA:31,1
LF:3
LH:3
BRF:0
BRH:0
end_of_record
TN:
SF:src\validators.js
FN:8,validatePositiveIntegerNumber
FN:19,validatePositiveNumber
FN:31,validateIntegerNumber
FN:43,validateNumber
FN:54,validateString
FNF:5
FNH:5
FNDA:48,validatePositiveIntegerNumber
FNDA:43,validatePositiveNumber
FNDA:48,validateIntegerNumber
FNDA:91,validateNumber
FNDA:12,validateString
DA:1,1
DA:9,48
DA:10,43
DA:20,43
DA:21,43
DA:22,4
DA:32,48
DA:33,48
DA:34,5
DA:44,91
DA:45,0
DA:55,12
DA:56,1
DA:60,1
LF:14
LH:13
BRDA:21,0,0,4
BRDA:21,0,1,39
BRDA:33,1,0,5
BRDA:33,1,1,43
BRDA:44,2,0,0
BRDA:44,2,1,91
BRDA:55,3,0,1
BRDA:55,3,1,11
BRF:8
BRH:7
end_of_record
TN:
SF:src\controllers\orders.js
FN:9,getOrderItemsByOrderId
FN:31,updateOrderItem
FN:54,getOrderDiscountCodesByOrderId
FN:75,addOrderDiscountCodeToOrderByCode
FNF:4
FNH:3
FNDA:4,getOrderItemsByOrderId
FNDA:10,updateOrderItem
FNDA:0,getOrderDiscountCodesByOrderId
FNDA:12,addOrderDiscountCodeToOrderByCode
DA:1,1
DA:2,1
DA:10,4
DA:11,4
DA:13,4
DA:15,3
DA:20,1
DA:32,10
DA:33,10
DA:34,10
DA:35,10
DA:37,10
DA:38,8
DA:39,6
DA:41,4
DA:43,0
DA:55,0
DA:56,0
DA:58,0
DA:60,0
DA:65,0
DA:78,12
DA:79,12
DA:80,12
DA:83,12
DA:84,11
DA:85,9
DA:87,9
DA:89,0
DA:98,1
LF:30
LH:23
BRF:0
BRH:0
end_of_record
TN:
SF:src\db\db.js
FN:5,(anonymous_0)
FN:14,(anonymous_1)
FNF:2
FNH:2
FNDA:64,(anonymous_0)
FNDA:7710,(anonymous_1)
DA:1,1
DA:2,1
DA:5,64
DA:7,1
DA:13,1
DA:15,7710
DA:16,1
DA:25,7710
DA:32,1
DA:34,1
LF:10
LH:10
BRDA:15,0,0,1
BRDA:15,0,1,7709
BRF:2
BRH:2
end_of_record
TN:
SF:src\middlewares\authentication.js
FN:12,authenticate
FNF:1
FNH:1
FNDA:30,authenticate
DA:1,1
DA:2,1
DA:4,1
DA:13,30
DA:14,30
DA:15,3
DA:21,27
DA:22,27
DA:23,0
DA:29,27
DA:32,27
DA:34,26
DA:35,26
DA:37,1
DA:44,1
LF:15
LH:14
BRDA:14,0,0,3
BRDA:14,0,1,27
BRDA:22,1,0,0
BRDA:22,1,1,27
BRDA:32,2,0,27
BRDA:32,2,1,0
BRF:6
BRH:4
end_of_record
TN:
SF:src\middlewares\errorHandler.js
FN:10,handleAllErrors
FNF:1
FNH:1
FNDA:25,handleAllErrors
DA:1,1
DA:12,25
DA:19,0
DA:26,0
DA:30,25
DA:34,25
DA:40,1
LF:7
LH:5
BRDA:12,0,0,0
BRDA:12,0,1,25
BRDA:13,1,0,25
BRDA:13,1,1,25
BRDA:13,1,2,25
BRDA:13,1,3,25
BRDA:13,1,4,25
BRF:7
BRH:6
end_of_record
TN:
SF:src\repositories\applicableCategories.js
FN:9,getApplicableCategoriesByDiscountCodeId
FN:36,addApplicableCategory
FN:59,removeApplicableCategory
FNF:3
FNH:2
FNDA:2,getApplicableCategoriesByDiscountCodeId
FNDA:1,addApplicableCategory
FNDA:0,removeApplicableCategory
DA:1,1
DA:13,2
DA:14,2
DA:20,2
DA:21,2
DA:22,2
DA:24,0
DA:25,0
DA:41,1
DA:43,1
DA:44,1
DA:45,1
DA:47,0
DA:48,0
DA:64,0
DA:66,0
DA:67,0
DA:68,0
DA:69,0
DA:70,0
DA:75,0
DA:76,0
DA:80,1
LF:23
LH:11
BRDA:11,0,0,2
BRDA:39,1,0,1
BRDA:62,2,0,0
BRDA:69,3,0,0
BRDA:69,3,1,0
BRF:5
BRH:2
end_of_record
TN:
SF:src\repositories\categories.js
FN:8,getAllCategories
FN:24,getCategoryById
FN:42,createCategory
FN:61,updateCategory
FN:82,deleteCategory
FNF:5
FNH:1
FNDA:0,getAllCategories
FNDA:0,getCategoryById
FNDA:12,createCategory
FNDA:0,updateCategory
FNDA:0,deleteCategory
DA:1,1
DA:9,0
DA:10,0
DA:11,0
DA:13,0
DA:14,0
DA:25,0
DA:26,0
DA:27,0
DA:28,0
DA:29,0
DA:31,0
DA:32,0
DA:43,12
DA:44,12
DA:45,12
DA:46,12
DA:47,12
DA:49,0
DA:50,0
DA:62,0
DA:63,0
DA:64,0
DA:65,0
DA:66,0
DA:67,0
DA:69,0
DA:71,0
DA:72,0
DA:83,0
DA:84,0
DA:85,0
DA:86,0
DA:87,0
DA:88,0
DA:91,0
DA:92,0
DA:96,1
LF:38
LH:7
BRDA:8,0,0,0
BRDA:24,1,0,0
BRDA:29,2,0,0
BRDA:29,2,1,0
BRDA:42,3,0,12
BRDA:61,4,0,0
BRDA:66,5,0,0
BRDA:66,5,1,0
BRDA:82,6,0,0
BRDA:87,7,0,0
BRDA:87,7,1,0
BRF:11
BRH:1
end_of_record
TN:
SF:src\repositories\discountCodes.js
FN:8,getAllDiscountCodes
FN:24,getDiscountCodeById
FN:42,getDiscountCodeByCode
FN:64,createDiscountCode
FN:95,updateDiscountCode
FN:126,deleteDiscountCode
FNF:6
FNH:2
FNDA:0,getAllDiscountCodes
FNDA:0,getDiscountCodeById
FNDA:5,getDiscountCodeByCode
FNDA:7,createDiscountCode
FNDA:0,updateDiscountCode
FNDA:0,deleteDiscountCode
DA:1,1
DA:9,0
DA:10,0
DA:11,0
DA:13,0
DA:14,0
DA:25,0
DA:26,0
DA:27,0
DA:28,0
DA:29,0
DA:31,0
DA:32,0
DA:43,5
DA:44,5
DA:45,5
DA:46,5
DA:47,5
DA:49,0
DA:50,0
DA:72,7
DA:74,7
DA:75,7
DA:76,7
DA:77,7
DA:79,0
DA:80,0
DA:104,0
DA:106,0
DA:107,0
DA:108,0
DA:109,0
DA:110,0
DA:114,0
DA:116,0
DA:117,0
DA:127,0
DA:128,0
DA:129,0
DA:130,0
DA:131,0
DA:132,0
DA:137,0
DA:138,0
DA:142,1
LF:45
LH:12
BRDA:8,0,0,0
BRDA:24,1,0,0
BRDA:29,2,0,0
BRDA:29,2,1,0
BRDA:42,3,0,5
BRDA:47,4,0,5
BRDA:47,4,1,1
BRDA:70,5,0,7
BRDA:102,6,0,0
BRDA:109,7,0,0
BRDA:109,7,1,0
BRDA:126,8,0,0
BRDA:131,9,0,0
BRDA:131,9,1,0
BRF:14
BRH:4
end_of_record
TN:
SF:src\repositories\orderDiscounts.js
FN:10,addDiscountCodeToOrder
FN:33,removeDiscountCodeFromOrder
FN:60,getOrderDiscountCodesByOrderId
FN:83,getOrderDiscountCodesByUserId
FNF:4
FNH:2
FNDA:1,addDiscountCodeToOrder
FNDA:0,removeDiscountCodeFromOrder
FNDA:0,getOrderDiscountCodesByOrderId
FNDA:1,getOrderDiscountCodesByUserId
DA:1,1
DA:15,1
DA:17,1
DA:18,1
DA:19,1
DA:21,0
DA:22,0
DA:38,0
DA:40,0
DA:41,0
DA:42,0
DA:43,0
DA:44,0
DA:49,0
DA:50,0
DA:61,0
DA:62,0
DA:68,0
DA:69,0
DA:70,0
DA:72,0
DA:73,0
DA:84,1
DA:85,1
DA:92,1
DA:93,1
DA:94,1
DA:96,0
DA:97,0
DA:102,1
LF:30
LH:11
BRDA:13,0,0,1
BRDA:36,1,0,0
BRDA:43,2,0,0
BRDA:43,2,1,0
BRDA:60,3,0,0
BRDA:83,4,0,1
BRF:6
BRH:2
end_of_record
TN:
SF:src\repositories\orderItems.js
FN:8,getAllOrderItems
FN:24,getOrderItemsByOrderId
FN:44,getOrderItemsWithProductInformationByOrderId
FN:78,createOrderItem
FN:101,updateOrderItem
FN:131,deleteOrderItem
FNF:6
FNH:3
FNDA:0,getAllOrderItems
FNDA:2,getOrderItemsByOrderId
FNDA:3,getOrderItemsWithProductInformationByOrderId
FNDA:13,createOrderItem
FNDA:0,updateOrderItem
FNDA:0,deleteOrderItem
DA:1,1
DA:9,0
DA:10,0
DA:11,0
DA:13,0
DA:14,0
DA:25,2
DA:26,2
DA:27,2
DA:28,2
DA:29,2
DA:31,0
DA:32,0
DA:48,3
DA:49,3
DA:61,3
DA:62,3
DA:63,3
DA:65,0
DA:66,0
DA:79,13
DA:80,13
DA:84,13
DA:85,13
DA:86,13
DA:88,0
DA:89,0
DA:102,0
DA:103,0
DA:109,0
DA:110,0
DA:111,0
DA:112,0
DA:113,0
DA:117,0
DA:119,0
DA:120,0
DA:132,0
DA:134,0
DA:135,0
DA:136,0
DA:137,0
DA:138,0
DA:143,0
DA:144,0
DA:148,1
LF:46
LH:17
BRDA:8,0,0,0
BRDA:24,1,0,2
BRDA:46,2,0,3
BRDA:78,3,0,13
BRDA:101,4,0,0
BRDA:112,5,0,0
BRDA:112,5,1,0
BRDA:131,6,0,0
BRDA:137,7,0,0
BRDA:137,7,1,0
BRF:10
BRH:3
end_of_record
TN:
SF:src\repositories\orders.js
FN:8,getAllOrders
FN:24,getOrderById
FN:43,createOrder
FN:66,updateOrder
FN:92,deleteOrder
FNF:5
FNH:2
FNDA:0,getAllOrders
FNDA:16,getOrderById
FNDA:21,createOrder
FNDA:0,updateOrder
FNDA:0,deleteOrder
DA:1,1
DA:9,0
DA:10,0
DA:11,0
DA:13,0
DA:14,0
DA:25,16
DA:26,16
DA:27,16
DA:28,16
DA:29,16
DA:31,0
DA:32,0
DA:44,21
DA:45,21
DA:50,21
DA:51,21
DA:52,21
DA:54,0
DA:55,0
DA:67,0
DA:68,0
DA:74,0
DA:75,0
DA:76,0
DA:77,0
DA:79,0
DA:81,0
DA:82,0
DA:93,0
DA:94,0
DA:95,0
DA:96,0
DA:97,0
DA:98,0
DA:101,0
DA:102,0
DA:108,1
LF:38
LH:12
BRDA:8,0,0,0
BRDA:24,1,0,16
BRDA:29,2,0,16
BRDA:29,2,1,3
BRDA:43,3,0,21
BRDA:66,4,0,0
BRDA:76,5,0,0
BRDA:76,5,1,0
BRDA:92,6,0,0
BRDA:97,7,0,0
BRDA:97,7,1,0
BRF:11
BRH:4
end_of_record
TN:
SF:src\repositories\products.js
FN:8,getAllProducts
FN:24,getProductById
FN:44,createProduct
FN:66,updateProduct
FN:89,deleteProduct
FNF:5
FNH:2
FNDA:0,getAllProducts
FNDA:3,getProductById
FNDA:14,createProduct
FNDA:0,updateProduct
FNDA:0,deleteProduct
DA:1,1
DA:9,0
DA:10,0
DA:11,0
DA:13,0
DA:14,0
DA:25,3
DA:26,3
DA:27,3
DA:28,3
DA:29,3
DA:31,0
DA:32,0
DA:45,14
DA:47,14
DA:48,14
DA:49,14
DA:50,14
DA:52,0
DA:53,0
DA:67,0
DA:69,0
DA:70,0
DA:71,0
DA:72,0
DA:73,0
DA:75,0
DA:77,0
DA:78,0
DA:90,0
DA:91,0
DA:92,0
DA:93,0
DA:94,0
DA:95,0
DA:98,0
DA:99,0
DA:102,1
LF:38
LH:12
BRDA:8,0,0,0
BRDA:24,1,0,3
BRDA:29,2,0,3
BRDA:29,2,1,1
BRDA:44,3,0,14
BRDA:66,4,0,0
BRDA:72,5,0,0
BRDA:72,5,1,0
BRDA:89,6,0,0
BRDA:94,7,0,0
BRDA:94,7,1,0
BRF:11
BRH:4
end_of_record
TN:
SF:src\repositories\users.js
FN:8,getAllUsers
FN:24,getUserById
FN:44,createUser
FN:67,updateUser
FN:89,deleteUser
FNF:5
FNH:1
FNDA:0,getAllUsers
FNDA:0,getUserById
FNDA:23,createUser
FNDA:0,updateUser
FNDA:0,deleteUser
DA:1,1
DA:9,0
DA:10,0
DA:11,0
DA:13,0
DA:14,0
DA:25,0
DA:26,0
DA:27,0
DA:28,0
DA:29,0
DA:31,0
DA:32,0
DA:45,23
DA:47,23
DA:48,23
DA:49,23
DA:50,23
DA:52,0
DA:53,0
DA:68,0
DA:70,0
DA:71,0
DA:72,0
DA:73,0
DA:74,0
DA:76,0
DA:78,0
DA:79,0
DA:90,0
DA:91,0
DA:92,0
DA:93,0
DA:94,0
DA:95,0
DA:98,0
DA:99,0
DA:103,1
LF:38
LH:7
BRDA:8,0,0,0
BRDA:24,1,0,0
BRDA:29,2,0,0
BRDA:29,2,1,0
BRDA:44,3,0,23
BRDA:67,4,0,0
BRDA:73,5,0,0
BRDA:73,5,1,0
BRDA:89,6,0,0
BRDA:94,7,0,0
BRDA:94,7,1,0
BRF:11
BRH:1
end_of_record
TN:
SF:src\routers\orders.js
FNF:0
FNH:0
DA:1,1
DA:2,1
DA:3,1
DA:5,1
DA:8,1
DA:15,1
DA:22,1
DA:29,1
DA:43,1
LF:9
LH:9
BRF:0
BRH:0
end_of_record
TN:
SF:src\services\orders.js
FN:14,getOrderItemsByOrderId
FN:37,updateOrderItem
FN:60,(anonymous_2)
FN:78,getOrderDiscountCodesByOrderId
FN:105,addOrderDiscountCodeToOrderByCode
FNF:5
FNH:4
FNDA:3,getOrderItemsByOrderId
FNDA:4,updateOrderItem
FNDA:1,(anonymous_2)
FNDA:0,getOrderDiscountCodesByOrderId
FNDA:9,addOrderDiscountCodeToOrderByCode
DA:1,1
DA:2,1
DA:3,1
DA:4,1
DA:5,1
DA:6,1
DA:7,1
DA:8,1
DA:15,3
DA:17,3
DA:18,1
DA:21,2
DA:22,1
DA:28,1
DA:38,4
DA:40,4
DA:41,1
DA:44,3
DA:46,3
DA:47,1
DA:50,2
DA:51,1
DA:57,1
DA:59,1
DA:60,1
DA:63,1
DA:64,1
DA:70,0
DA:79,0
DA:81,0
DA:82,0
DA:85,0
DA:86,0
DA:92,0
DA:96,0
DA:106,9
DA:108,9
DA:109,1
DA:112,8
DA:113,2
DA:118,6
DA:119,1
DA:125,5
DA:126,5
DA:127,1
DA:130,4
DA:131,4
DA:132,4
DA:133,1
DA:138,3
DA:139,3
DA:140,2
DA:141,2
DA:142,4
DA:145,2
DA:146,1
DA:153,2
DA:154,2
DA:155,1
DA:156,1
DA:157,2
DA:158,2
DA:159,0
DA:163,1
DA:164,1
DA:171,1
DA:172,1
DA:173,1
DA:174,1
DA:175,1
DA:184,0
DA:185,0
DA:188,1
LF:73
LH:62
BRDA:17,0,0,1
BRDA:17,0,1,2
BRDA:21,1,0,1
BRDA:21,1,1,1
BRDA:40,2,0,1
BRDA:40,2,1,3
BRDA:46,3,0,1
BRDA:46,3,1,2
BRDA:50,4,0,1
BRDA:50,4,1,1
BRDA:63,5,0,1
BRDA:63,5,1,0
BRDA:81,6,0,0
BRDA:81,6,1,0
BRDA:85,7,0,0
BRDA:85,7,1,0
BRDA:108,8,0,1
BRDA:108,8,1,8
BRDA:112,9,0,2
BRDA:112,9,1,6
BRDA:118,10,0,1
BRDA:118,10,1,5
BRDA:126,11,0,1
BRDA:126,11,1,4
BRDA:132,12,0,1
BRDA:132,12,1,3
BRDA:139,13,0,2
BRDA:139,13,1,1
BRDA:145,14,0,1
BRDA:145,14,1,1
BRDA:145,15,0,2
BRDA:145,15,1,2
BRDA:154,16,0,1
BRDA:154,16,1,1
BRDA:158,17,0,0
BRDA:158,17,1,2
BRDA:163,18,0,1
BRDA:163,18,1,0
BRDA:172,19,0,1
BRDA:172,19,1,0
BRDA:174,20,0,1
BRDA:174,20,1,0
BRF:42
BRH:33
end_of_record
