{"C:\\Users\\Eduardo\\Desktop\\AlphaED\\Testes\\ex1\\q4\\main.js": {"path":"C:\\Users\\Eduardo\\Desktop\\AlphaED\\Testes\\ex1\\q4\\main.js","statementMap":{"0":{"start":{"line":2,"column":26},"end":{"line":4,"column":6}},"1":{"start":{"line":3,"column":8},"end":{"line":3,"column":35}},"2":{"start":{"line":5,"column":4},"end":{"line":5,"column":25}},"3":{"start":{"line":8,"column":0},"end":{"line":8,"column":34}}},"fnMap":{"0":{"name":"availableMovies","decl":{"start":{"line":1,"column":9},"end":{"line":1,"column":24}},"loc":{"start":{"line":1,"column":38},"end":{"line":6,"column":1}},"line":1},"1":{"name":"(anonymous_1)","decl":{"start":{"line":2,"column":40},"end":{"line":2,"column":41}},"loc":{"start":{"line":2,"column":50},"end":{"line":4,"column":5}},"line":2}},"branchMap":{},"s":{"0":9,"1":19,"2":9,"3":1},"f":{"0":9,"1":19},"b":{},"_coverageSchema":"1a1c01bbd47fc00a2c39e90264f33305004495a9","hash":"28322c2b580a350208df0a1503bb90379dbf85b6"}
}
